#
# A fatal error has been detected by the Java Runtime Environment:
#
#  EXCEPTION_ACCESS_VIOLATION (0xc0000005) at pc=0x000000005516fed7, pid=3368, tid=0x000000000000276c
#
# JRE version: OpenJDK Runtime Environment (8.0_242-b01) (build 1.8.0_242-release-1644-b01)
# Java VM: OpenJDK 64-Bit Server VM (25.242-b01 mixed mode windows-amd64 compressed oops)
# Problematic frame:
# V  [jvm.dll+0x1efed7]
#
# Failed to write core dump. Minidumps are not enabled by default on client versions of Windows
#
# If you would like to submit a bug report, please visit:
#   
#

---------------  T H R E A D  ---------------

Current thread (0x000000001b601800):  JavaThread "Build operations Thread 2" [_thread_in_vm, id=10092, stack(0x0000000022bb0000,0x0000000022cb0000)]

siginfo: ExceptionCode=0xc0000005, writing address 0x0000000022ca4af0

Registers:
RAX=0x0000000022ca4af0, RBX=0x0000000000000007, RCX=0x0000000000006000, RDX=0x0000000000000019
RSP=0x0000000022caaaf0, RBP=0x0000000000000000, RSI=0x0000000022caaaf0, RDI=0x0000000000000007
R8 =0x0000000000000019, R9 =0x000000001d7b8e40, R10=0x0000000017974508, R11=0x0000000022bba158
R12=0x00000000ffffffff, R13=0x000000001b601800, R14=0x000000001b601800, R15=0x0000000017974508
RIP=0x000000005516fed7, EFLAGS=0x0000000000010206

Top of Stack: (sp=0x0000000022caaaf0)
0x0000000022caaaf0:   00000000008e07cb 0000000000000016
0x0000000022caab00:   000000001b601800 00000000ffffffff
0x0000000022caab10:   0000000022caabb8 0000000055170eb7
0x0000000022caab20:   0000000022caac20 000000001d7b8e40
0x0000000022caab30:   0000000017974508 00000000017c0000
0x0000000022caab40:   00000000017c02a8 00000000551a1734
0x0000000022caab50:   0000000000000020 00000000017c0cc0
0x0000000022caab60:   0000000017974508 000000001b601800
0x0000000022caab70:   00000000033269a0 0000000000000020
0x0000000022caab80:   0000000000000018 0000000000000002
0x0000000022caab90:   0000000000000000 0000000022caac69
0x0000000022caaba0:   00000000031d0000 0000000017974508
0x0000000022caabb0:   000000001b601800 000000001fe52e78
0x0000000022caabc0:   0000000000000018 0000000000000000
0x0000000022caabd0:   0000000022caada0 0000000000000000
0x0000000022caabe0:   0000000000000002 000000001f31a820 

Instructions: (pc=0x000000005516fed7)
0x000000005516feb7:   48 89 6c 24 30 33 ed 66 90 e8 4b d9 07 00 ff c3
0x000000005516fec7:   48 63 c8 48 8b c6 48 0f af cf 48 ff c7 48 2b c1
0x000000005516fed7:   89 28 48 63 c3 48 3b 05 65 b8 57 00 7e db 48 8b
0x000000005516fee7:   6c 24 30 48 8b 5c 24 38 48 8b 74 24 40 48 83 c4 


Register to memory mapping:

RAX=0x0000000022ca4af0 is pointing into the stack for thread: 0x000000001b601800
RBX=0x0000000000000007 is an unknown value
RCX=0x0000000000006000 is an unknown value
RDX=0x0000000000000019 is an unknown value
RSP=0x0000000022caaaf0 is pointing into the stack for thread: 0x000000001b601800
RBP=0x0000000000000000 is an unknown value
RSI=0x0000000022caaaf0 is pointing into the stack for thread: 0x000000001b601800
RDI=0x0000000000000007 is an unknown value
R8 =0x0000000000000019 is an unknown value
R9 =0x000000001d7b8e40 is an unknown value
R10={method} {0x0000000017974510} 'addClass' '(Ljava/lang/Class;)V' in 'java/lang/ClassLoader'
R11=0x0000000022bba158 is pointing into the stack for thread: 0x000000001b601800
R12=0x00000000ffffffff is an unallocated location in the heap
R13=0x000000001b601800 is a thread
R14=0x000000001b601800 is a thread
R15={method} {0x0000000017974510} 'addClass' '(Ljava/lang/Class;)V' in 'java/lang/ClassLoader'


Stack: [0x0000000022bb0000,0x0000000022cb0000],  sp=0x0000000022caaaf0,  free space=1002k
Native frames: (J=compiled Java code, j=interpreted, Vv=VM code, C=native code)

Java frames: (J=compiled Java code, j=interpreted, Vv=VM code)
J 824  java.lang.ClassLoader.defineClass1(Ljava/lang/String;[BIILjava/security/ProtectionDomain;Ljava/lang/String;)Ljava/lang/Class; (0 bytes) @ 0x0000000003606cdf [0x0000000003606c40+0x9f]
J 2620 C2 java.lang.ClassLoader.defineClass(Ljava/lang/String;[BIILjava/security/ProtectionDomain;)Ljava/lang/Class; (43 bytes) @ 0x0000000003d0c308 [0x0000000003d0b8a0+0xa68]
J 2630 C2 java.security.SecureClassLoader.defineClass(Ljava/lang/String;[BIILjava/security/CodeSource;)Ljava/lang/Class; (16 bytes) @ 0x0000000003d3b1f0 [0x0000000003d38a80+0x2770]
J 2428 C2 java.net.URLClassLoader$1.run()Ljava/lang/Object; (5 bytes) @ 0x0000000003cab528 [0x0000000003caa7e0+0xd48]
v  ~StubRoutines::call_stub
J 457  java.security.AccessController.doPrivileged(Ljava/security/PrivilegedExceptionAction;Ljava/security/AccessControlContext;)Ljava/lang/Object; (0 bytes) @ 0x00000000034d4b26 [0x00000000034d4ac0+0x66]
J 1438 C2 java.net.URLClassLoader.findClass(Ljava/lang/String;)Ljava/lang/Class; (47 bytes) @ 0x00000000037f72b0 [0x00000000037f7220+0x90]
J 1468 C1 org.gradle.internal.classloader.TransformingClassLoader.findClass(Ljava/lang/String;)Ljava/lang/Class; (203 bytes) @ 0x000000000380af04 [0x0000000003809680+0x1884]
J 3143 C2 java.lang.ClassLoader.loadClass(Ljava/lang/String;Z)Ljava/lang/Class; (122 bytes) @ 0x0000000003e2c400 [0x0000000003e2c000+0x400]
J 2179 C2 java.lang.ClassLoader.loadClass(Ljava/lang/String;)Ljava/lang/Class; (7 bytes) @ 0x0000000003a3e480 [0x0000000003a3e440+0x40]
v  ~StubRoutines::call_stub
j  org.gradle.api.internal.artifacts.ivyservice.resolveengine.artifact.ArtifactBackedResolvedVariant$DownloadArtifactFile.run(Lorg/gradle/internal/operations/BuildOperationContext;)V+28
j  org.gradle.internal.operations.DefaultBuildOperationExecutor$RunnableBuildOperationWorker.execute(Lorg/gradle/internal/operations/RunnableBuildOperation;Lorg/gradle/internal/operations/BuildOperationContext;)V+2
j  org.gradle.internal.operations.DefaultBuildOperationExecutor$RunnableBuildOperationWorker.execute(Lorg/gradle/internal/operations/BuildOperation;Lorg/gradle/internal/operations/BuildOperationContext;)V+6
j  org.gradle.internal.operations.DefaultBuildOperationExecutor$1.execute(Lorg/gradle/internal/operations/BuildOperationDescriptor;Lorg/gradle/internal/operations/DefaultBuildOperationExecutor$DefaultBuildOperationContext;Lorg/gradle/internal/operations/DefaultBuildOperationExecutor$BuildOperationExecutionListener;)Lorg/gradle/internal/operations/BuildOperation;+18
j  org.gradle.internal.operations.DefaultBuildOperationExecutor.execute(Lorg/gradle/internal/operations/BuildOperationDescriptor$Builder;Lorg/gradle/internal/operations/DefaultBuildOperationExecutor$BuildOperationState;Lorg/gradle/internal/operations/DefaultBuildOperationExecutor$BuildOperationExecution;)Lorg/gradle/internal/operations/BuildOperation;+105
j  org.gradle.internal.operations.DefaultBuildOperationExecutor.execute(Lorg/gradle/internal/operations/BuildOperation;Lorg/gradle/internal/operations/BuildOperationWorker;Lorg/gradle/internal/operations/DefaultBuildOperationExecutor$BuildOperationState;)V+22
j  org.gradle.internal.operations.DefaultBuildOperationExecutor.access$1500(Lorg/gradle/internal/operations/DefaultBuildOperationExecutor;Lorg/gradle/internal/operations/BuildOperation;Lorg/gradle/internal/operations/BuildOperationWorker;Lorg/gradle/internal/operations/DefaultBuildOperationExecutor$BuildOperationState;)V+4
j  org.gradle.internal.operations.DefaultBuildOperationExecutor$ParentPreservingQueueWorker.execute(Lorg/gradle/internal/operations/BuildOperation;)V+13
j  org.gradle.internal.operations.DefaultBuildOperationQueue$WorkerRunnable.runOperation(Lorg/gradle/internal/operations/BuildOperation;)V+8
j  org.gradle.internal.operations.DefaultBuildOperationQueue$WorkerRunnable.access$600(Lorg/gradle/internal/operations/DefaultBuildOperationQueue$WorkerRunnable;Lorg/gradle/internal/operations/BuildOperation;)V+2
j  org.gradle.internal.operations.DefaultBuildOperationQueue$WorkerRunnable$1.create()Ljava/lang/Integer;+16
j  org.gradle.internal.operations.DefaultBuildOperationQueue$WorkerRunnable$1.create()Ljava/lang/Object;+1
j  org.gradle.internal.work.DefaultWorkerLeaseService.withLocks(Ljava/lang/Iterable;Lorg/gradle/internal/Factory;)Ljava/lang/Object;+26
j  org.gradle.internal.operations.DefaultBuildOperationQueue$WorkerRunnable.runBatch(Lorg/gradle/internal/operations/BuildOperation;)V+35
j  org.gradle.internal.operations.DefaultBuildOperationQueue$WorkerRunnable.run()V+11
j  org.gradle.internal.concurrent.ExecutorPolicy$CatchAndRecordFailures.onExecute(Ljava/lang/Runnable;)V+1
j  org.gradle.internal.concurrent.ManagedExecutorImpl$1.run()V+25
j  java.util.concurrent.ThreadPoolExecutor.runWorker(Ljava/util/concurrent/ThreadPoolExecutor$Worker;)V+95
j  java.util.concurrent.ThreadPoolExecutor$Worker.run()V+5
j  org.gradle.internal.concurrent.ThreadFactoryImpl$ManagedThreadRunnable.run()V+7
j  java.lang.Thread.run()V+11
v  ~StubRoutines::call_stub

---------------  P R O C E S S  ---------------

Java Threads: ( => current thread )
  0x000000001b602000 JavaThread "Build operations Thread 8" [_thread_blocked, id=12268, stack(0x0000000025f20000,0x0000000026020000)]
  0x000000001b600800 JavaThread "Build operations Thread 7" [_thread_blocked, id=14536, stack(0x0000000025e20000,0x0000000025f20000)]
  0x000000001b605000 JavaThread "Build operations Thread 6" [_thread_blocked, id=13076, stack(0x0000000024cb0000,0x0000000024db0000)]
  0x000000001b603000 JavaThread "Build operations Thread 5" [_thread_blocked, id=2868, stack(0x0000000024bb0000,0x0000000024cb0000)]
  0x000000001b600000 JavaThread "Build operations Thread 4" [_thread_blocked, id=11832, stack(0x0000000023890000,0x0000000023990000)]
  0x000000001b5fd800 JavaThread "Build operations Thread 3" [_thread_blocked, id=11256, stack(0x0000000023790000,0x0000000023890000)]
=>0x000000001b601800 JavaThread "Build operations Thread 2" [_thread_in_vm, id=10092, stack(0x0000000022bb0000,0x0000000022cb0000)]
  0x000000001b5ff000 JavaThread "Build operations" [_thread_blocked, id=9040, stack(0x0000000021800000,0x0000000021900000)]
  0x000000001cd75000 JavaThread "Cache worker for execution history cache (C:\Users\Bagus\.gradle\caches\6.1.1\executionHistory)" [_thread_blocked, id=8364, stack(0x0000000021500000,0x0000000021600000)]
  0x000000001cd73800 JavaThread "Cache worker for cache directory md-rule (C:\Users\Bagus\.gradle\caches\6.1.1\md-rule)" [_thread_blocked, id=596, stack(0x0000000021400000,0x0000000021500000)]
  0x000000001cd74000 JavaThread "Cache worker for cache directory md-supplier (C:\Users\Bagus\.gradle\caches\6.1.1\md-supplier)" [_thread_blocked, id=10532, stack(0x0000000021300000,0x0000000021400000)]
  0x000000001cd78000 JavaThread "Cache worker for file hash cache (C:\Users\Bagus\AndroidStudioProjects\TroubleshootAndroid\.gradle\6.1.1\fileHashes)" [_thread_blocked, id=7756, stack(0x0000000022ab0000,0x0000000022bb0000)]
  0x000000001cd75800 JavaThread "Cache worker for checksums cache (C:\Users\Bagus\AndroidStudioProjects\TroubleshootAndroid\.gradle\checksums)" [_thread_blocked, id=9960, stack(0x00000000229b0000,0x0000000022ab0000)]
  0x000000001cd7a000 JavaThread "Cache worker for file hash cache (C:\Users\Bagus\.gradle\caches\6.1.1\fileHashes)" [_thread_blocked, id=4272, stack(0x000000001ee60000,0x000000001ef60000)]
  0x000000001cd79800 JavaThread "File lock request listener" [_thread_in_native, id=2288, stack(0x000000001ed60000,0x000000001ee60000)]
  0x000000001bb01800 JavaThread "Cache worker for journal cache (C:\Users\Bagus\.gradle\caches\journal-1)" [_thread_blocked, id=5116, stack(0x000000001ec60000,0x000000001ed60000)]
  0x000000001cc76800 JavaThread "Thread-9" [_thread_blocked, id=12456, stack(0x000000001e960000,0x000000001ea60000)]
  0x000000001cc74000 JavaThread "Stdin handler" [_thread_blocked, id=5988, stack(0x000000001e860000,0x000000001e960000)]
  0x000000001cc71000 JavaThread "Asynchronous log dispatcher for DefaultDaemonConnection: socket connection from /127.0.0.1:63639 to /127.0.0.1:63640" [_thread_blocked, id=3208, stack(0x000000001e760000,0x000000001e860000)]
  0x000000001cc92800 JavaThread "Daemon worker" [_thread_blocked, id=10200, stack(0x000000001e660000,0x000000001e760000)]
  0x000000001cc91000 JavaThread "Cancel handler" [_thread_blocked, id=5720, stack(0x000000001e560000,0x000000001e660000)]
  0x000000001cbcd800 JavaThread "Handler for socket connection from /127.0.0.1:63639 to /127.0.0.1:63640" [_thread_in_native, id=1356, stack(0x000000001e260000,0x000000001e360000)]
  0x000000001cbc5000 JavaThread "Daemon" [_thread_blocked, id=15332, stack(0x000000001e160000,0x000000001e260000)]
  0x000000001cbaa800 JavaThread "Daemon periodic checks" [_thread_blocked, id=3424, stack(0x000000001e060000,0x000000001e160000)]
  0x000000001cb59800 JavaThread "Incoming local TCP Connector on port 63639" [_thread_in_native, id=7808, stack(0x000000001de20000,0x000000001df20000)]
  0x000000001ca86800 JavaThread "Daemon health stats" [_thread_blocked, id=14456, stack(0x000000001d7e0000,0x000000001d8e0000)]
  0x000000001a212800 JavaThread "Service Thread" daemon [_thread_blocked, id=6312, stack(0x000000001ae40000,0x000000001af40000)]
  0x000000001a18b800 JavaThread "C1 CompilerThread3" daemon [_thread_blocked, id=15048, stack(0x000000001ad40000,0x000000001ae40000)]
  0x000000001a185800 JavaThread "C2 CompilerThread2" daemon [_thread_blocked, id=6680, stack(0x000000001ac40000,0x000000001ad40000)]
  0x000000001a177000 JavaThread "C2 CompilerThread1" daemon [_thread_blocked, id=14780, stack(0x000000001ab40000,0x000000001ac40000)]
  0x000000001835a000 JavaThread "C2 CompilerThread0" daemon [_thread_blocked, id=14404, stack(0x000000001aa40000,0x000000001ab40000)]
  0x000000001a172800 JavaThread "Attach Listener" daemon [_thread_blocked, id=14440, stack(0x000000001a940000,0x000000001aa40000)]
  0x000000001a176000 JavaThread "Signal Dispatcher" daemon [_thread_blocked, id=7444, stack(0x000000001a840000,0x000000001a940000)]
  0x00000000032dd800 JavaThread "Finalizer" daemon [_thread_blocked, id=4500, stack(0x000000001a640000,0x000000001a740000)]
  0x000000001a160800 JavaThread "Reference Handler" daemon [_thread_blocked, id=6676, stack(0x000000001a540000,0x000000001a640000)]
  0x00000000031de800 JavaThread "main" [_thread_blocked, id=9828, stack(0x0000000003000000,0x0000000003100000)]

Other Threads:
  0x0000000018348000 VMThread [stack: 0x000000001a040000,0x000000001a140000] [id=5600]
  0x000000001a213000 WatcherThread [stack: 0x000000001af40000,0x000000001b040000] [id=11880]

VM state:not at safepoint (normal execution)

VM Mutex/Monitor currently owned by a thread: None

OutOfMemory and StackOverflow Exception counts:
StackOverflowErrors=1

heap address: 0x0000000080000000, size: 2048 MB, Compressed Oops mode: 32-bit
Narrow klass base: 0x0000000000000000, Narrow klass shift: 3
Compressed class space size: 1073741824 Address: 0x0000000100000000

Heap:
 PSYoungGen      total 118272K, used 18151K [0x00000000d5580000, 0x00000000dfe00000, 0x0000000100000000)
  eden space 105984K, 17% used [0x00000000d5580000,0x00000000d6739f38,0x00000000dbd00000)
  from space 12288K, 0% used [0x00000000dbd00000,0x00000000dbd00000,0x00000000dc900000)
  to   space 12288K, 0% used [0x00000000df200000,0x00000000df200000,0x00000000dfe00000)
 ParOldGen       total 83968K, used 15694K [0x0000000080000000, 0x0000000085200000, 0x00000000d5580000)
  object space 83968K, 18% used [0x0000000080000000,0x0000000080f53ad8,0x0000000085200000)
 Metaspace       used 35163K, capacity 36250K, committed 36392K, reserved 1081344K
  class space    used 4835K, capacity 5112K, committed 5168K, reserved 1048576K

Card table byte_map: [0x00000000126a0000,0x0000000012ab0000] byte_map_base: 0x00000000122a0000

Marking Bits: (ParMarkBitMap*) 0x000000005574f030
 Begin Bits: [0x0000000013560000, 0x0000000015560000)
 End Bits:   [0x0000000015560000, 0x0000000017560000)

Polling page: 0x0000000001800000

CodeCache: size=245760Kb used=11558Kb max_used=11558Kb free=234201Kb
 bounds [0x00000000032e0000, 0x0000000003e40000, 0x00000000122e0000]
 total_blobs=3828 nmethods=3128 adapters=613
 compilation: enabled

Compilation events (10 events):
Event: 8.397 Thread 0x000000001a185800 nmethod 3143 0x0000000003e2be10 code [0x0000000003e2c000, 0x0000000003e2cfe8]
Event: 8.398 Thread 0x000000001a18b800 3154       3       java.lang.StringBuilder::getChars (10 bytes)
Event: 8.398 Thread 0x000000001a18b800 nmethod 3154 0x00000000033f0310 code [0x00000000033f0480, 0x00000000033f0608]
Event: 8.398 Thread 0x000000001a18b800 3156       3       java.lang.ThreadLocal::setInitialValue (36 bytes)
Event: 8.399 Thread 0x000000001a18b800 nmethod 3156 0x00000000033f9c10 code [0x00000000033f9dc0, 0x00000000033fa278]
Event: 8.399 Thread 0x000000001a18b800 3155       3       java.lang.AbstractStringBuilder::getChars (64 bytes)
Event: 8.400 Thread 0x000000001a18b800 nmethod 3155 0x00000000033e3f90 code [0x00000000033e4140, 0x00000000033e4698]
Event: 8.400 Thread 0x000000001835a000 3159       4       org.gradle.cache.internal.btree.BTreePersistentIndexedCache$IndexEntry::<init> (5 bytes)
Event: 8.400 Thread 0x000000001a18b800 3157       3       java.util.regex.Matcher::appendReplacement (571 bytes)
Event: 8.401 Thread 0x000000001835a000 nmethod 3159 0x0000000003e0a850 code [0x0000000003e0a980, 0x0000000003e0a9d8]

GC Heap History (10 events):
Event: 3.994 GC heap before
{Heap before GC invocations=7 (full 1):
 PSYoungGen      total 75776K, used 8580K [0x00000000d5580000, 0x00000000dac80000, 0x0000000100000000)
  eden space 65536K, 0% used [0x00000000d5580000,0x00000000d5580000,0x00000000d9580000)
  from space 10240K, 83% used [0x00000000da080000,0x00000000da8e1288,0x00000000daa80000)
  to   space 11264K, 0% used [0x00000000d9580000,0x00000000d9580000,0x00000000da080000)
 ParOldGen       total 87552K, used 7349K [0x0000000080000000, 0x0000000085580000, 0x00000000d5580000)
  object space 87552K, 8% used [0x0000000080000000,0x000000008072d5a0,0x0000000085580000)
 Metaspace       used 20649K, capacity 21256K, committed 21296K, reserved 1067008K
  class space    used 2895K, capacity 3116K, committed 3120K, reserved 1048576K
Event: 4.023 GC heap after
Heap after GC invocations=7 (full 1):
 PSYoungGen      total 75776K, used 0K [0x00000000d5580000, 0x00000000dac80000, 0x0000000100000000)
  eden space 65536K, 0% used [0x00000000d5580000,0x00000000d5580000,0x00000000d9580000)
  from space 10240K, 0% used [0x00000000da080000,0x00000000da080000,0x00000000daa80000)
  to   space 11264K, 0% used [0x00000000d9580000,0x00000000d9580000,0x00000000da080000)
 ParOldGen       total 58880K, used 9116K [0x0000000080000000, 0x0000000083980000, 0x00000000d5580000)
  object space 58880K, 15% used [0x0000000080000000,0x00000000808e72e8,0x0000000083980000)
 Metaspace       used 20649K, capacity 21256K, committed 21296K, reserved 1067008K
  class space    used 2895K, capacity 3116K, committed 3120K, reserved 1048576K
}
Event: 5.131 GC heap before
{Heap before GC invocations=8 (full 1):
 PSYoungGen      total 75776K, used 65451K [0x00000000d5580000, 0x00000000dac80000, 0x0000000100000000)
  eden space 65536K, 99% used [0x00000000d5580000,0x00000000d956ace8,0x00000000d9580000)
  from space 10240K, 0% used [0x00000000da080000,0x00000000da080000,0x00000000daa80000)
  to   space 11264K, 0% used [0x00000000d9580000,0x00000000d9580000,0x00000000da080000)
 ParOldGen       total 58880K, used 9116K [0x0000000080000000, 0x0000000083980000, 0x00000000d5580000)
  object space 58880K, 15% used [0x0000000080000000,0x00000000808e72e8,0x0000000083980000)
 Metaspace       used 28241K, capacity 28912K, committed 29232K, reserved 1075200K
  class space    used 3894K, capacity 4127K, committed 4144K, reserved 1048576K
Event: 5.142 GC heap after
Heap after GC invocations=8 (full 1):
 PSYoungGen      total 76800K, used 9077K [0x00000000d5580000, 0x00000000dd480000, 0x0000000100000000)
  eden space 65536K, 0% used [0x00000000d5580000,0x00000000d5580000,0x00000000d9580000)
  from space 11264K, 80% used [0x00000000d9580000,0x00000000d9e5d6b8,0x00000000da080000)
  to   space 11776K, 0% used [0x00000000dc900000,0x00000000dc900000,0x00000000dd480000)
 ParOldGen       total 58880K, used 9124K [0x0000000080000000, 0x0000000083980000, 0x00000000d5580000)
  object space 58880K, 15% used [0x0000000080000000,0x00000000808e92e8,0x0000000083980000)
 Metaspace       used 28241K, capacity 28912K, committed 29232K, reserved 1075200K
  class space    used 3894K, capacity 4127K, committed 4144K, reserved 1048576K
}
Event: 5.908 GC heap before
{Heap before GC invocations=9 (full 1):
 PSYoungGen      total 76800K, used 74613K [0x00000000d5580000, 0x00000000dd480000, 0x0000000100000000)
  eden space 65536K, 100% used [0x00000000d5580000,0x00000000d9580000,0x00000000d9580000)
  from space 11264K, 80% used [0x00000000d9580000,0x00000000d9e5d6b8,0x00000000da080000)
  to   space 11776K, 0% used [0x00000000dc900000,0x00000000dc900000,0x00000000dd480000)
 ParOldGen       total 58880K, used 9124K [0x0000000080000000, 0x0000000083980000, 0x00000000d5580000)
  object space 58880K, 15% used [0x0000000080000000,0x00000000808e92e8,0x0000000083980000)
 Metaspace       used 32440K, capacity 33244K, committed 33456K, reserved 1077248K
  class space    used 4436K, capacity 4673K, committed 4784K, reserved 1048576K
Event: 5.931 GC heap after
Heap after GC invocations=9 (full 1):
 PSYoungGen      total 117760K, used 8748K [0x00000000d5580000, 0x00000000dda80000, 0x0000000100000000)
  eden space 105984K, 0% used [0x00000000d5580000,0x00000000d5580000,0x00000000dbd00000)
  from space 11776K, 74% used [0x00000000dc900000,0x00000000dd18b2a0,0x00000000dd480000)
  to   space 12288K, 0% used [0x00000000dbd00000,0x00000000dbd00000,0x00000000dc900000)
 ParOldGen       total 58880K, used 9132K [0x0000000080000000, 0x0000000083980000, 0x00000000d5580000)
  object space 58880K, 15% used [0x0000000080000000,0x00000000808eb2e8,0x0000000083980000)
 Metaspace       used 32440K, capacity 33244K, committed 33456K, reserved 1077248K
  class space    used 4436K, capacity 4673K, committed 4784K, reserved 1048576K
}
Event: 7.897 GC heap before
{Heap before GC invocations=10 (full 1):
 PSYoungGen      total 117760K, used 56116K [0x00000000d5580000, 0x00000000dda80000, 0x0000000100000000)
  eden space 105984K, 44% used [0x00000000d5580000,0x00000000d83c1f50,0x00000000dbd00000)
  from space 11776K, 74% used [0x00000000dc900000,0x00000000dd18b2a0,0x00000000dd480000)
  to   space 12288K, 0% used [0x00000000dbd00000,0x00000000dbd00000,0x00000000dc900000)
 ParOldGen       total 58880K, used 9132K [0x0000000080000000, 0x0000000083980000, 0x00000000d5580000)
  object space 58880K, 15% used [0x0000000080000000,0x00000000808eb2e8,0x0000000083980000)
 Metaspace       used 34601K, capacity 35414K, committed 35496K, reserved 1079296K
  class space    used 4744K, capacity 4972K, committed 5040K, reserved 1048576K
Event: 7.905 GC heap after
Heap after GC invocations=10 (full 1):
 PSYoungGen      total 118272K, used 9072K [0x00000000d5580000, 0x00000000dfe00000, 0x0000000100000000)
  eden space 105984K, 0% used [0x00000000d5580000,0x00000000d5580000,0x00000000dbd00000)
  from space 12288K, 73% used [0x00000000dbd00000,0x00000000dc5dc310,0x00000000dc900000)
  to   space 12288K, 0% used [0x00000000df200000,0x00000000df200000,0x00000000dfe00000)
 ParOldGen       total 58880K, used 9140K [0x0000000080000000, 0x0000000083980000, 0x00000000d5580000)
  object space 58880K, 15% used [0x0000000080000000,0x00000000808ed2e8,0x0000000083980000)
 Metaspace       used 34601K, capacity 35414K, committed 35496K, reserved 1079296K
  class space    used 4744K, capacity 4972K, committed 5040K, reserved 1048576K
}
Event: 7.905 GC heap before
{Heap before GC invocations=11 (full 2):
 PSYoungGen      total 118272K, used 9072K [0x00000000d5580000, 0x00000000dfe00000, 0x0000000100000000)
  eden space 105984K, 0% used [0x00000000d5580000,0x00000000d5580000,0x00000000dbd00000)
  from space 12288K, 73% used [0x00000000dbd00000,0x00000000dc5dc310,0x00000000dc900000)
  to   space 12288K, 0% used [0x00000000df200000,0x00000000df200000,0x00000000dfe00000)
 ParOldGen       total 58880K, used 9140K [0x0000000080000000, 0x0000000083980000, 0x00000000d5580000)
  object space 58880K, 15% used [0x0000000080000000,0x00000000808ed2e8,0x0000000083980000)
 Metaspace       used 34601K, capacity 35414K, committed 35496K, reserved 1079296K
  class space    used 4744K, capacity 4972K, committed 5040K, reserved 1048576K
Event: 7.950 GC heap after
Heap after GC invocations=11 (full 2):
 PSYoungGen      total 118272K, used 0K [0x00000000d5580000, 0x00000000dfe00000, 0x0000000100000000)
  eden space 105984K, 0% used [0x00000000d5580000,0x00000000d5580000,0x00000000dbd00000)
  from space 12288K, 0% used [0x00000000dbd00000,0x00000000dbd00000,0x00000000dc900000)
  to   space 12288K, 0% used [0x00000000df200000,0x00000000df200000,0x00000000dfe00000)
 ParOldGen       total 83968K, used 15694K [0x0000000080000000, 0x0000000085200000, 0x00000000d5580000)
  object space 83968K, 18% used [0x0000000080000000,0x0000000080f53ad8,0x0000000085200000)
 Metaspace       used 34601K, capacity 35414K, committed 35496K, reserved 1079296K
  class space    used 4744K, capacity 4972K, committed 5040K, reserved 1048576K
}

Deoptimization events (10 events):
Event: 5.413 Thread 0x000000001cc92800 Uncommon trap: reason=unstable_if action=reinterpret pc=0x000000000378d37c method=java.util.HashMap.hash(Ljava/lang/Object;)I @ 1
Event: 5.510 Thread 0x000000001cc92800 Uncommon trap: reason=unstable_if action=reinterpret pc=0x0000000003bc87b8 method=org.gradle.internal.reflect.PropertyAccessorType.isGetGetterName(Ljava/lang/String;)Z @ 14
Event: 5.538 Thread 0x000000001cc92800 Uncommon trap: reason=unstable_if action=reinterpret pc=0x0000000003a472c0 method=org.objectweb.asm.ByteVector.putShort(I)Lorg/objectweb/asm/ByteVector; @ 13
Event: 5.614 Thread 0x000000001cc92800 Uncommon trap: reason=class_check action=maybe_recompile pc=0x0000000003a05908 method=sun.misc.URLClassPath.getLoader(I)Lsun/misc/URLClassPath$Loader; @ 94
Event: 5.619 Thread 0x000000001cc92800 Uncommon trap: reason=class_check action=maybe_recompile pc=0x00000000039f9008 method=sun.misc.URLClassPath.getLoader(I)Lsun/misc/URLClassPath$Loader; @ 239
Event: 5.738 Thread 0x000000001cc92800 Uncommon trap: reason=class_check action=maybe_recompile pc=0x0000000003a3daac method=java.util.WeakHashMap.eq(Ljava/lang/Object;Ljava/lang/Object;)Z @ 7
Event: 5.982 Thread 0x000000001cc92800 Uncommon trap: reason=unstable_if action=reinterpret pc=0x0000000003785a20 method=java.util.WeakHashMap.expungeStaleEntries()V @ 66
Event: 6.016 Thread 0x000000001cc92800 Uncommon trap: reason=unstable_if action=reinterpret pc=0x0000000003c1c160 method=java.net.URI.match(CJJ)Z @ 45
Event: 6.644 Thread 0x000000001cc92800 Uncommon trap: reason=unstable_if action=reinterpret pc=0x000000000398503c method=jdk.internal.org.objectweb.asm.Type.getArgumentsAndReturnSizes(Ljava/lang/String;)I @ 88
Event: 8.381 Thread 0x000000001b5fd800 Uncommon trap: reason=unstable_if action=reinterpret pc=0x0000000003854adc method=java.util.concurrent.ConcurrentHashMap.putVal(Ljava/lang/Object;Ljava/lang/Object;Z)Ljava/lang/Object; @ 147

Classes redefined (0 events):
No events

Internal exceptions (10 events):
Event: 5.978 Thread 0x000000001cc92800 Exception <a 'java/lang/ClassNotFoundException': org/gradle/api/internal/artifacts/dsl/dependencies/DefaultDependencyHandlerBeanInfo> (0x00000000d588e880) thrown at [C:\src\AOSP-openjdk-git\hotspot\src\share\vm\classfile\systemDictionary.cpp, line 210]
Event: 5.979 Thread 0x000000001cc92800 Exception <a 'java/lang/ClassNotFoundException': org/gradle/api/internal/artifacts/dsl/dependencies/DefaultDependencyHandlerCustomizer> (0x00000000d58ea9f8) thrown at [C:\src\AOSP-openjdk-git\hotspot\src\share\vm\classfile\systemDictionary.cpp, line 210]
Event: 5.984 Thread 0x000000001cc92800 Exception <a 'java/lang/ClassNotFoundException': org/gradle/api/internal/artifacts/dsl/dependencies/DefaultDependencyHandler_DecoratedCustomizer> (0x00000000d59783a0) thrown at [C:\src\AOSP-openjdk-git\hotspot\src\share\vm\classfile\systemDictionary.cpp, 
Event: 6.640 Thread 0x000000001cc92800 Exception <a 'java/lang/IncompatibleClassChangeError': Found class java.lang.Object, but interface was expected> (0x00000000d73f9678) thrown at [C:\src\AOSP-openjdk-git\hotspot\src\share\vm\interpreter\linkResolver.cpp, line 653]
Event: 6.643 Thread 0x000000001cc92800 Exception <a 'java/lang/NoSuchMethodError': java.lang.Object.lambda$comparing$77a9974f$1(Ljava/util/function/Function;Ljava/lang/Object;Ljava/lang/Object;)I> (0x00000000d7404b18) thrown at [C:\src\AOSP-openjdk-git\hotspot\src\share\vm\interpreter\linkReso
Event: 6.646 Thread 0x000000001cc92800 Exception <a 'java/lang/NoSuchMethodError': java.lang.Object.lambda$thenComparing$36697e65$1(Ljava/util/Comparator;Ljava/lang/Object;Ljava/lang/Object;)I> (0x00000000d7418c80) thrown at [C:\src\AOSP-openjdk-git\hotspot\src\share\vm\interpreter\linkResolve
Event: 6.648 Thread 0x000000001cc92800 Exception <a 'java/lang/NoSuchMethodError': java.lang.Object.lambda$comparing$ea9a8b3a$1(Ljava/util/Comparator;Ljava/util/function/Function;Ljava/lang/Object;Ljava/lang/Object;)I> (0x00000000d742fd10) thrown at [C:\src\AOSP-openjdk-git\hotspot\src\share\v
Event: 8.355 Thread 0x000000001cc92800 Exception <a 'java/lang/NoSuchMethodError': java.lang.Object.lambda$static$0(Lorg/gradle/api/internal/artifacts/ivyservice/resolveengine/artifact/ArtifactVisitor;)V> (0x00000000d60953f8) thrown at [C:\src\AOSP-openjdk-git\hotspot\src\share\vm\interpreter\
Event: 8.371 Thread 0x000000001b601800 StackOverflowError at 0x00000000038540e0
Event: 8.371 Thread 0x000000001b601800 Exception <a 'java/lang/StackOverflowError'> (0x00000000d63365d0) thrown at [C:\src\AOSP-openjdk-git\hotspot\src\share\vm\runtime\sharedRuntime.cpp, line 605]

Events (10 events):
Event: 8.403 Executing VM operation: RevokeBias
Event: 8.403 Executing VM operation: RevokeBias done
Event: 8.404 loading class org/gradle/api/internal/artifacts/cache/ArtifactResolutionControl
Event: 8.404 loading class org/gradle/api/internal/artifacts/cache/ArtifactResolutionControl done
Event: 8.405 Executing VM operation: RevokeBias
Event: 8.405 Executing VM operation: RevokeBias done
Event: 8.405 loading class org/gradle/api/internal/artifacts/DownloadArtifactBuildOperationType
Event: 8.405 loading class org/gradle/api/internal/artifacts/DownloadArtifactBuildOperationType done
Event: 8.406 loading class org/gradle/api/internal/artifacts/DownloadArtifactBuildOperationType$Result
Event: 8.406 loading class org/gradle/api/internal/artifacts/DownloadArtifactBuildOperationType$Result done


Dynamic libraries:
0x00007ff6c37b0000 - 0x00007ff6c37e1000 	C:\Program Files\Android\Android Studio\jre\bin\java.exe
0x00007ffd0a130000 - 0x00007ffd0a325000 	C:\WINDOWS\SYSTEM32\ntdll.dll
0x00007ffd09ed0000 - 0x00007ffd09f8d000 	C:\WINDOWS\System32\KERNEL32.DLL
0x00007ffd079f0000 - 0x00007ffd07cb7000 	C:\WINDOWS\System32\KERNELBASE.dll
0x00007ffd0a020000 - 0x00007ffd0a0ca000 	C:\WINDOWS\System32\ADVAPI32.dll
0x00007ffd08ab0000 - 0x00007ffd08b4e000 	C:\WINDOWS\System32\msvcrt.dll
0x00007ffd09e30000 - 0x00007ffd09ecb000 	C:\WINDOWS\System32\sechost.dll
0x00007ffd084c0000 - 0x00007ffd085e4000 	C:\WINDOWS\System32\RPCRT4.dll
0x00007ffd08320000 - 0x00007ffd084c0000 	C:\WINDOWS\System32\USER32.dll
0x00007ffd08050000 - 0x00007ffd08072000 	C:\WINDOWS\System32\win32u.dll
0x00007ffd09c20000 - 0x00007ffd09c4a000 	C:\WINDOWS\System32\GDI32.dll
0x00007ffd07de0000 - 0x00007ffd07ee9000 	C:\WINDOWS\System32\gdi32full.dll
0x00007ffd07cf0000 - 0x00007ffd07d8d000 	C:\WINDOWS\System32\msvcp_win.dll
0x00007ffd07870000 - 0x00007ffd07970000 	C:\WINDOWS\System32\ucrtbase.dll
0x00007ffcfd1f0000 - 0x00007ffcfd48b000 	C:\WINDOWS\WinSxS\amd64_microsoft.windows.common-controls_6595b64144ccf1df_6.0.19041.488_none_ca04af081b815d21\COMCTL32.dll
0x00007ffd09f90000 - 0x00007ffd09fc0000 	C:\WINDOWS\System32\IMM32.DLL
0x0000000054de0000 - 0x0000000054eb2000 	C:\Program Files\Android\Android Studio\jre\jre\bin\msvcr100.dll
0x0000000054f80000 - 0x00000000557cb000 	C:\Program Files\Android\Android Studio\jre\jre\bin\server\jvm.dll
0x00007ffd09a00000 - 0x00007ffd09a08000 	C:\WINDOWS\System32\PSAPI.DLL
0x00007ffd036b0000 - 0x00007ffd036b9000 	C:\WINDOWS\SYSTEM32\WSOCK32.dll
0x00007ffcff5f0000 - 0x00007ffcff617000 	C:\WINDOWS\SYSTEM32\WINMM.dll
0x00007ffd02820000 - 0x00007ffd0282a000 	C:\WINDOWS\SYSTEM32\VERSION.dll
0x00007ffd085f0000 - 0x00007ffd0865b000 	C:\WINDOWS\System32\WS2_32.dll
0x00007ffd02b10000 - 0x00007ffd02b1f000 	C:\Program Files\Android\Android Studio\jre\jre\bin\verify.dll
0x00007ffcf16c0000 - 0x00007ffcf16e9000 	C:\Program Files\Android\Android Studio\jre\jre\bin\java.dll
0x00007ffcfe9e0000 - 0x00007ffcfe9f6000 	C:\Program Files\Android\Android Studio\jre\jre\bin\zip.dll
0x00007ffd08bb0000 - 0x00007ffd092f1000 	C:\WINDOWS\System32\SHELL32.dll
0x00007ffd05990000 - 0x00007ffd06123000 	C:\WINDOWS\SYSTEM32\windows.storage.dll
0x00007ffd086f0000 - 0x00007ffd08a45000 	C:\WINDOWS\System32\combase.dll
0x00007ffd072e0000 - 0x00007ffd0730c000 	C:\WINDOWS\SYSTEM32\Wldp.dll
0x00007ffd09c50000 - 0x00007ffd09cfe000 	C:\WINDOWS\System32\SHCORE.dll
0x00007ffd08a50000 - 0x00007ffd08aa5000 	C:\WINDOWS\System32\shlwapi.dll
0x00007ffd077a0000 - 0x00007ffd077c6000 	C:\WINDOWS\SYSTEM32\profapi.dll
0x00007ffcfdcc0000 - 0x00007ffcfdcda000 	C:\Program Files\Android\Android Studio\jre\jre\bin\net.dll
0x00007ffd07060000 - 0x00007ffd070ca000 	C:\WINDOWS\system32\mswsock.dll
0x00007ffcf1330000 - 0x00007ffcf1343000 	C:\Program Files\Android\Android Studio\jre\jre\bin\nio.dll
0x00007ffcd6a10000 - 0x00007ffcd6a36000 	C:\Users\Bagus\.gradle\native\31\windows-amd64\native-platform.dll
0x00007ffcfdcf0000 - 0x00007ffcfdcfd000 	C:\Program Files\Android\Android Studio\jre\jre\bin\management.dll
0x00007ffd07230000 - 0x00007ffd07248000 	C:\WINDOWS\SYSTEM32\CRYPTSP.dll
0x00007ffd06920000 - 0x00007ffd06954000 	C:\WINDOWS\system32\rsaenh.dll
0x00007ffd07cc0000 - 0x00007ffd07ce7000 	C:\WINDOWS\System32\bcrypt.dll
0x00007ffd07760000 - 0x00007ffd0778e000 	C:\WINDOWS\SYSTEM32\USERENV.dll
0x00007ffd07970000 - 0x00007ffd079ef000 	C:\WINDOWS\System32\bcryptprimitives.dll
0x00007ffd07250000 - 0x00007ffd0725c000 	C:\WINDOWS\SYSTEM32\CRYPTBASE.dll
0x00007ffd06d00000 - 0x00007ffd06d3b000 	C:\WINDOWS\SYSTEM32\IPHLPAPI.DLL
0x00007ffd09d00000 - 0x00007ffd09d09000 	C:\WINDOWS\System32\NSI.dll
0x00007ffd01d10000 - 0x00007ffd01d27000 	C:\WINDOWS\SYSTEM32\dhcpcsvc6.DLL
0x00007ffd020e0000 - 0x00007ffd020fd000 	C:\WINDOWS\SYSTEM32\dhcpcsvc.DLL
0x00007ffd06d50000 - 0x00007ffd06e1b000 	C:\WINDOWS\SYSTEM32\DNSAPI.dll
0x00007ffcfdac0000 - 0x00007ffcfdca4000 	C:\WINDOWS\SYSTEM32\dbghelp.dll

VM Arguments:
jvm_args: -Xmx2048m -Dfile.encoding=windows-1252 -Duser.country=US -Duser.language=en -Duser.variant 
java_command: org.gradle.launcher.daemon.bootstrap.GradleDaemon 6.1.1
java_class_path (initial): C:\Users\Bagus\.gradle\wrapper\dists\gradle-6.1.1-all\cfmwm155h49vnt3hynmlrsdst\gradle-6.1.1\lib\gradle-launcher-6.1.1.jar
Launcher Type: SUN_STANDARD

Environment Variables:
JAVA_HOME=C:\Program Files\Java\jdk-14.0.2
PATH=C:\WINDOWS\system32;C:\WINDOWS;C:\WINDOWS\System32\Wbem;C:\WINDOWS\System32\WindowsPowerShell\v1.0\;C:\WINDOWS\System32\OpenSSH\;C:\Program Files (x86)\NVIDIA Corporation\PhysX\Common;C:\Program Files\NVIDIA Corporation\NVIDIA NvDLISR;C:\WINDOWS\system32;C:\WINDOWS;C:\WINDOWS\System32\Wbem;C:\WINDOWS\System32\WindowsPowerShell\v1.0\;C:\WINDOWS\System32\OpenSSH\;C:\Program Files\Git\cmd;C:\Users\Bagus\AppData\Local\Programs\Python\Python38;C:\Users\Bagus\AppData\Local\Programs\Python\Python38\Scripts;C:\Program Files\Java\jdk-14.0.2\bin;C:\xampp\php;C:\ProgramData\ComposerSetup\bin;C:\Users\Bagus\AppData\Local\Programs\Python\Python38\Scripts\;C:\Users\Bagus\AppData\Local\Programs\Python\Python38\;C:\Users\Bagus\AppData\Local\Microsoft\WindowsApps;;C:\Users\Bagus\AppData\Local\Programs\Microsoft VS Code\bin;C:\Users\Bagus\spicetify-cli;C:\Users\Bagus\AppData\Roaming\Composer\vendor\bin
USERNAME=Bagus
OS=Windows_NT
PROCESSOR_IDENTIFIER=Intel64 Family 6 Model 158 Stepping 9, GenuineIntel



---------------  S Y S T E M  ---------------

OS: Windows 10.0 , 64 bit Build 19041 (10.0.19041.292)

CPU:total 8 (initial active 8) (4 cores per cpu, 2 threads per core) family 6 model 158 stepping 9, cmov, cx8, fxsr, mmx, sse, sse2, sse3, ssse3, sse4.1, sse4.2, popcnt, avx, avx2, aes, clmul, erms, 3dnowpref, lzcnt, ht, tsc, tscinvbit, bmi1, bmi2, adx

Memory: 4k page, physical 8307252k(22432k free), swap 23795284k(124k free)

vm_info: OpenJDK 64-Bit Server VM (25.242-b01) for windows-amd64 JRE (1.8.0_242-release-1644-b01), built by "builder" with MS VC++ 10.0 (VS2010)

time: Sat Oct 10 14:19:02 2020
timezone: SE Asia Standard Time
elapsed time: 8 seconds (0d 0h 0m 8s)

