#
# There is insufficient memory for the Java Runtime Environment to continue.
# Native memory allocation (malloc) failed to allocate 459536 bytes for Chunk::new
# Possible reasons:
#   The system is out of physical RAM or swap space
#   The process is running with CompressedOops enabled, and the Java Heap may be blocking the growth of the native heap
# Possible solutions:
#   Reduce memory load on the system
#   Increase physical memory or swap space
#   Check if swap backing store is full
#   Decrease Java heap size (-Xmx/-Xms)
#   Decrease number of Java threads
#   Decrease Java thread stack sizes (-Xss)
#   Set larger code cache with -XX:ReservedCodeCacheSize=
#   JVM is running with Unscaled Compressed Oops mode in which the Java heap is
#     placed in the first 4GB address space. The Java Heap base address is the
#     maximum limit for the native heap growth. Please use -XX:HeapBaseMinAddress
#     to set the Java Heap base and to place the Java Heap above 4GB virtual address.
# This output file may be truncated or incomplete.
#
#  Out of Memory Error (allocation.cpp:389), pid=13416, tid=0x00000000000033f0
#
# JRE version: OpenJDK Runtime Environment (8.0_242-b01) (build 1.8.0_242-release-1644-b01)
# Java VM: OpenJDK 64-Bit Server VM (25.242-b01 mixed mode windows-amd64 compressed oops)
# Failed to write core dump. Minidumps are not enabled by default on client versions of Windows
#

---------------  T H R E A D  ---------------

Current thread (0x000000001a2a7800):  JavaThread "C2 CompilerThread2" daemon [_thread_in_native, id=13296, stack(0x000000001ad70000,0x000000001ae70000)]

Stack: [0x000000001ad70000,0x000000001ae70000]
[error occurred during error reporting (printing stack bounds), id 0xc0000005]

Native frames: (J=compiled Java code, j=interpreted, Vv=VM code, C=native code)


Current CompileTask:
C2:  13388 9547   !   4       com.sun.tools.javac.parser.JavaTokenizer::readToken (2243 bytes)


---------------  P R O C E S S  ---------------

Java Threads: ( => current thread )
  0x000000001f9e4800 JavaThread "Cache worker for Java compile cache (C:\Users\Bagus\AndroidStudioProjects\TroubleshootAndroid\.gradle\6.5\javaCompile)" [_thread_blocked, id=2772, stack(0x000000002ebb0000,0x000000002ecb0000)]
  0x000000001f9e4000 JavaThread "Cache worker for Java compile cache (C:\Users\Bagus\.gradle\caches\6.5\javaCompile)" [_thread_blocked, id=10448, stack(0x000000002eab0000,0x000000002ebb0000)]
  0x000000001f9dc800 JavaThread "Cache worker for execution history cache (C:\Users\Bagus\AndroidStudioProjects\TroubleshootAndroid\.gradle\6.5\executionHistory)" [_thread_blocked, id=12664, stack(0x000000002dd50000,0x000000002de50000)]
  0x000000001f9e1800 JavaThread "Execution worker for ':' Thread 7" [_thread_blocked, id=3168, stack(0x000000002e4b0000,0x000000002e5b0000)]
  0x000000001f9de800 JavaThread "Execution worker for ':' Thread 6" [_thread_blocked, id=1576, stack(0x000000002e3b0000,0x000000002e4b0000)]
  0x000000001f9dd000 JavaThread "Execution worker for ':' Thread 5" [_thread_blocked, id=13680, stack(0x000000002e2b0000,0x000000002e3b0000)]
  0x000000001f9df800 JavaThread "Execution worker for ':' Thread 4" [_thread_blocked, id=11324, stack(0x000000002e1b0000,0x000000002e2b0000)]
  0x000000001f9db000 JavaThread "Execution worker for ':' Thread 3" [_thread_blocked, id=7632, stack(0x000000002e0b0000,0x000000002e1b0000)]
  0x000000001f9de000 JavaThread "Execution worker for ':' Thread 2" [_thread_blocked, id=8676, stack(0x000000002dfb0000,0x000000002e0b0000)]
  0x000000001f9e0000 JavaThread "Execution worker for ':'" [_thread_in_Java, id=3524, stack(0x000000002deb0000,0x000000002dfb0000)]
  0x0000000020bec000 JavaThread "Cache worker for file content cache (C:\Users\Bagus\AndroidStudioProjects\TroubleshootAndroid\.gradle\6.5\fileContent)" [_thread_blocked, id=9448, stack(0x000000002d850000,0x000000002d950000)]
  0x0000000020beb000 JavaThread "Memory manager" [_thread_blocked, id=11308, stack(0x000000002c8a0000,0x000000002c9a0000)]
  0x0000000020bea800 JavaThread "Cache worker for Build Output Cleanup Cache (C:\Users\Bagus\AndroidStudioProjects\TroubleshootAndroid\.gradle\buildOutputCleanup)" [_thread_blocked, id=9344, stack(0x000000002c3a0000,0x000000002c4a0000)]
  0x0000000020be8000 JavaThread "jar transforms Thread 110" [_thread_blocked, id=15320, stack(0x000000002c0a0000,0x000000002c1a0000)]
  0x0000000020be9800 JavaThread "jar transforms Thread 109" [_thread_blocked, id=4760, stack(0x000000002bfa0000,0x000000002c0a0000)]
  0x0000000020be0800 JavaThread "jar transforms Thread 108" [_thread_blocked, id=14804, stack(0x000000002bea0000,0x000000002bfa0000)]
  0x0000000020be1800 JavaThread "jar transforms Thread 107" [_thread_blocked, id=10528, stack(0x000000002bda0000,0x000000002bea0000)]
  0x0000000020be7800 JavaThread "jar transforms Thread 106" [_thread_blocked, id=8768, stack(0x000000002bca0000,0x000000002bda0000)]
  0x0000000020be6800 JavaThread "jar transforms Thread 105" [_thread_blocked, id=9272, stack(0x000000002bba0000,0x000000002bca0000)]
  0x0000000020be2000 JavaThread "jar transforms Thread 104" [_thread_blocked, id=7576, stack(0x000000002baa0000,0x000000002bba0000)]
  0x0000000020be6000 JavaThread "jar transforms Thread 103" [_thread_blocked, id=8908, stack(0x000000002b9a0000,0x000000002baa0000)]
  0x0000000020be5000 JavaThread "jar transforms Thread 102" [_thread_blocked, id=6668, stack(0x000000002b8a0000,0x000000002b9a0000)]
  0x0000000020be4800 JavaThread "jar transforms Thread 101" [_thread_blocked, id=1788, stack(0x000000002b7a0000,0x000000002b8a0000)]
  0x0000000020be0000 JavaThread "jar transforms Thread 100" [_thread_blocked, id=4512, stack(0x000000002b6a0000,0x000000002b7a0000)]
  0x0000000020bdf000 JavaThread "jar transforms Thread 99" [_thread_blocked, id=12688, stack(0x000000002b5a0000,0x000000002b6a0000)]
  0x0000000020bdd000 JavaThread "jar transforms Thread 98" [_thread_blocked, id=7396, stack(0x000000002b4a0000,0x000000002b5a0000)]
  0x0000000020bde800 JavaThread "jar transforms Thread 97" [_thread_blocked, id=11848, stack(0x000000002b3a0000,0x000000002b4a0000)]
  0x0000000020be3000 JavaThread "jar transforms Thread 96" [_thread_blocked, id=2692, stack(0x000000002b2a0000,0x000000002b3a0000)]
  0x0000000020bdd800 JavaThread "jar transforms Thread 95" [_thread_blocked, id=7204, stack(0x000000002b1a0000,0x000000002b2a0000)]
  0x0000000020be3800 JavaThread "jar transforms Thread 94" [_thread_blocked, id=2328, stack(0x000000002b0a0000,0x000000002b1a0000)]
  0x00000000208f0800 JavaThread "jar transforms Thread 93" [_thread_blocked, id=5640, stack(0x000000002afa0000,0x000000002b0a0000)]
  0x00000000208ef000 JavaThread "jar transforms Thread 92" [_thread_blocked, id=14924, stack(0x000000002aea0000,0x000000002afa0000)]
  0x00000000208ec000 JavaThread "jar transforms Thread 91" [_thread_blocked, id=7656, stack(0x000000002ada0000,0x000000002aea0000)]
  0x00000000208ed800 JavaThread "jar transforms Thread 90" [_thread_blocked, id=2972, stack(0x000000002aca0000,0x000000002ada0000)]
  0x00000000208ee800 JavaThread "jar transforms Thread 89" [_thread_blocked, id=908, stack(0x000000002aba0000,0x000000002aca0000)]
  0x00000000208f2000 JavaThread "jar transforms Thread 88" [_thread_blocked, id=3368, stack(0x000000002aaa0000,0x000000002aba0000)]
  0x00000000208f1800 JavaThread "jar transforms Thread 87" [_thread_blocked, id=4480, stack(0x000000002a9a0000,0x000000002aaa0000)]
  0x00000000208f0000 JavaThread "jar transforms Thread 86" [_thread_blocked, id=3292, stack(0x000000002a8a0000,0x000000002a9a0000)]
  0x00000000208ed000 JavaThread "jar transforms Thread 85" [_thread_blocked, id=8740, stack(0x000000002a7a0000,0x000000002a8a0000)]
  0x00000000208e4800 JavaThread "jar transforms Thread 84" [_thread_blocked, id=12840, stack(0x000000002a6a0000,0x000000002a7a0000)]
  0x00000000208eb800 JavaThread "jar transforms Thread 83" [_thread_blocked, id=3380, stack(0x000000002a5a0000,0x000000002a6a0000)]
  0x00000000208ea800 JavaThread "jar transforms Thread 82" [_thread_blocked, id=6696, stack(0x000000002a4a0000,0x000000002a5a0000)]
  0x00000000208e3000 JavaThread "jar transforms Thread 81" [_thread_blocked, id=11028, stack(0x000000002a3a0000,0x000000002a4a0000)]
  0x00000000208e4000 JavaThread "jar transforms Thread 80" [_thread_blocked, id=14744, stack(0x000000002a2a0000,0x000000002a3a0000)]
  0x00000000208e6000 JavaThread "jar transforms Thread 79" [_thread_blocked, id=11832, stack(0x000000002a1a0000,0x000000002a2a0000)]
  0x00000000208ea000 JavaThread "jar transforms Thread 78" [_thread_blocked, id=2632, stack(0x000000002a0a0000,0x000000002a1a0000)]
  0x00000000208e9000 JavaThread "jar transforms Thread 77" [_thread_blocked, id=1808, stack(0x0000000029fa0000,0x000000002a0a0000)]
  0x00000000208e8800 JavaThread "jar transforms Thread 76" [_thread_blocked, id=1304, stack(0x0000000029ea0000,0x0000000029fa0000)]
  0x00000000208e5800 JavaThread "jar transforms Thread 75" [_thread_blocked, id=12780, stack(0x0000000029da0000,0x0000000029ea0000)]
  0x00000000208e7800 JavaThread "jar transforms Thread 74" [_thread_blocked, id=8636, stack(0x0000000029ca0000,0x0000000029da0000)]
  0x00000000208e7000 JavaThread "jar transforms Thread 73" [_thread_blocked, id=2548, stack(0x0000000029ba0000,0x0000000029ca0000)]
  0x0000000023aba800 JavaThread "jar transforms Thread 72" [_thread_blocked, id=6308, stack(0x0000000029aa0000,0x0000000029ba0000)]
  0x0000000023ab9800 JavaThread "jar transforms Thread 71" [_thread_blocked, id=11748, stack(0x00000000299a0000,0x0000000029aa0000)]
  0x0000000023ab9000 JavaThread "jar transforms Thread 70" [_thread_blocked, id=7344, stack(0x00000000298a0000,0x00000000299a0000)]
  0x0000000023ab8000 JavaThread "jar transforms Thread 69" [_thread_blocked, id=7800, stack(0x00000000297a0000,0x00000000298a0000)]
  0x0000000023ab6800 JavaThread "jar transforms Thread 68" [_thread_blocked, id=8656, stack(0x00000000296a0000,0x00000000297a0000)]
  0x0000000023ab7800 JavaThread "jar transforms Thread 67" [_thread_blocked, id=14180, stack(0x00000000295a0000,0x00000000296a0000)]
  0x0000000023aaf000 JavaThread "jar transforms Thread 66" [_thread_blocked, id=5444, stack(0x00000000294a0000,0x00000000295a0000)]
  0x0000000023ab6000 JavaThread "jar transforms Thread 65" [_thread_blocked, id=5652, stack(0x00000000293a0000,0x00000000294a0000)]
  0x0000000023aae800 JavaThread "jar transforms Thread 64" [_thread_blocked, id=1436, stack(0x00000000292a0000,0x00000000293a0000)]
  0x0000000023ab5000 JavaThread "jar transforms Thread 63" [_thread_blocked, id=6996, stack(0x00000000291a0000,0x00000000292a0000)]
  0x0000000023ab1800 JavaThread "jar transforms Thread 62" [_thread_blocked, id=10160, stack(0x00000000290a0000,0x00000000291a0000)]
  0x0000000023ab0000 JavaThread "jar transforms Thread 61" [_thread_blocked, id=3392, stack(0x0000000028fa0000,0x00000000290a0000)]
  0x0000000023ab4800 JavaThread "jar transforms Thread 60" [_thread_blocked, id=6680, stack(0x0000000028ea0000,0x0000000028fa0000)]
  0x0000000023ab3800 JavaThread "jar transforms Thread 59" [_thread_blocked, id=5144, stack(0x0000000028da0000,0x0000000028ea0000)]
  0x0000000023aad800 JavaThread "jar transforms Thread 58" [_thread_blocked, id=8576, stack(0x0000000028ca0000,0x0000000028da0000)]
  0x0000000023ab3000 JavaThread "jar transforms Thread 57" [_thread_blocked, id=11576, stack(0x0000000028ba0000,0x0000000028ca0000)]
  0x0000000023aad000 JavaThread "jar transforms Thread 56" [_thread_blocked, id=4064, stack(0x0000000028aa0000,0x0000000028ba0000)]
  0x0000000023aab800 JavaThread "jar transforms Thread 55" [_thread_blocked, id=9832, stack(0x00000000289a0000,0x0000000028aa0000)]
  0x0000000023aac000 JavaThread "jar transforms Thread 54" [_thread_blocked, id=4832, stack(0x00000000288a0000,0x00000000289a0000)]
  0x0000000023ab0800 JavaThread "jar transforms Thread 53" [_thread_blocked, id=5784, stack(0x00000000287a0000,0x00000000288a0000)]
  0x0000000023ab2000 JavaThread "jar transforms Thread 52" [_thread_blocked, id=8564, stack(0x00000000286a0000,0x00000000287a0000)]
  0x0000000020d5a800 JavaThread "jar transforms Thread 51" [_thread_blocked, id=3308, stack(0x00000000285a0000,0x00000000286a0000)]
  0x0000000020d5b000 JavaThread "jar transforms Thread 50" [_thread_blocked, id=15172, stack(0x00000000284a0000,0x00000000285a0000)]
  0x0000000020d59800 JavaThread "jar transforms Thread 49" [_thread_blocked, id=3252, stack(0x00000000283a0000,0x00000000284a0000)]
  0x0000000020d57800 JavaThread "jar transforms Thread 48" [_thread_blocked, id=8760, stack(0x00000000282a0000,0x00000000283a0000)]
  0x0000000020d58000 JavaThread "jar transforms Thread 47" [_thread_blocked, id=14424, stack(0x00000000281a0000,0x00000000282a0000)]
  0x0000000020d54800 JavaThread "jar transforms Thread 46" [_thread_blocked, id=9036, stack(0x00000000280a0000,0x00000000281a0000)]
  0x0000000020d53800 JavaThread "jar transforms Thread 45" [_thread_blocked, id=14960, stack(0x0000000027fa0000,0x00000000280a0000)]
  0x0000000020d59000 JavaThread "jar transforms Thread 44" [_thread_blocked, id=6984, stack(0x0000000027ea0000,0x0000000027fa0000)]
  0x0000000020d56800 JavaThread "jar transforms Thread 43" [_thread_blocked, id=8356, stack(0x0000000027da0000,0x0000000027ea0000)]
  0x0000000020d55000 JavaThread "jar transforms Thread 42" [_thread_blocked, id=13604, stack(0x0000000027ca0000,0x0000000027da0000)]
  0x0000000020d50800 JavaThread "jar transforms Thread 41" [_thread_blocked, id=2808, stack(0x0000000027ba0000,0x0000000027ca0000)]
  0x0000000020d52000 JavaThread "jar transforms Thread 40" [_thread_blocked, id=14932, stack(0x0000000027aa0000,0x0000000027ba0000)]
  0x0000000020d53000 JavaThread "jar transforms Thread 39" [_thread_blocked, id=7348, stack(0x00000000279a0000,0x0000000027aa0000)]
  0x0000000020d56000 JavaThread "jar transforms Thread 38" [_thread_blocked, id=1392, stack(0x00000000278a0000,0x00000000279a0000)]
  0x0000000020d51800 JavaThread "jar transforms Thread 37" [_thread_blocked, id=7320, stack(0x00000000277a0000,0x00000000278a0000)]
  0x0000000020d4f000 JavaThread "jar transforms Thread 36" [_thread_blocked, id=1296, stack(0x00000000276a0000,0x00000000277a0000)]
  0x0000000020d4c000 JavaThread "jar transforms Thread 35" [_thread_blocked, id=12832, stack(0x00000000275a0000,0x00000000276a0000)]
  0x0000000020d4e800 JavaThread "jar transforms Thread 34" [_thread_blocked, id=14824, stack(0x00000000274a0000,0x00000000275a0000)]
  0x0000000020d4d800 JavaThread "jar transforms Thread 33" [_thread_blocked, id=6312, stack(0x00000000273a0000,0x00000000274a0000)]
  0x0000000020d50000 JavaThread "jar transforms Thread 32" [_thread_blocked, id=14292, stack(0x00000000272a0000,0x00000000273a0000)]
  0x0000000020d4d000 JavaThread "jar transforms Thread 31" [_thread_blocked, id=2656, stack(0x00000000271a0000,0x00000000272a0000)]
  0x000000002259a800 JavaThread "jar transforms Thread 30" [_thread_blocked, id=12692, stack(0x00000000270a0000,0x00000000271a0000)]
  0x000000002259a000 JavaThread "jar transforms Thread 29" [_thread_blocked, id=10168, stack(0x0000000026fa0000,0x00000000270a0000)]
  0x0000000022598800 JavaThread "jar transforms Thread 28" [_thread_blocked, id=12452, stack(0x0000000026ea0000,0x0000000026fa0000)]
  0x0000000022599000 JavaThread "jar transforms Thread 27" [_thread_blocked, id=10580, stack(0x0000000026da0000,0x0000000026ea0000)]
  0x0000000022597800 JavaThread "jar transforms Thread 26" [_thread_blocked, id=7516, stack(0x0000000026ca0000,0x0000000026da0000)]
  0x0000000022597000 JavaThread "jar transforms Thread 25" [_thread_blocked, id=420, stack(0x0000000026ba0000,0x0000000026ca0000)]
  0x000000002259b800 JavaThread "jar transforms Thread 24" [_thread_blocked, id=12768, stack(0x0000000026aa0000,0x0000000026ba0000)]
  0x0000000022596000 JavaThread "jar transforms Thread 23" [_thread_blocked, id=15352, stack(0x00000000269a0000,0x0000000026aa0000)]
  0x0000000022595800 JavaThread "jar transforms Thread 22" [_thread_blocked, id=12092, stack(0x00000000268a0000,0x00000000269a0000)]
  0x000000002259c000 JavaThread "jar transforms Thread 21" [_thread_blocked, id=12584, stack(0x00000000267a0000,0x00000000268a0000)]
  0x000000001c640000 JavaThread "jar transforms Thread 20" [_thread_blocked, id=2300, stack(0x00000000266a0000,0x00000000267a0000)]
  0x000000001c63e800 JavaThread "jar transforms Thread 19" [_thread_blocked, id=396, stack(0x00000000265a0000,0x00000000266a0000)]
  0x000000001c63c800 JavaThread "jar transforms Thread 18" [_thread_blocked, id=8220, stack(0x00000000264a0000,0x00000000265a0000)]
  0x000000001c63c000 JavaThread "jar transforms Thread 17" [_thread_blocked, id=3376, stack(0x00000000263a0000,0x00000000264a0000)]
  0x000000001c640800 JavaThread "jar transforms Thread 16" [_thread_blocked, id=8868, stack(0x00000000262a0000,0x00000000263a0000)]
  0x000000001c63f000 JavaThread "jar transforms Thread 15" [_thread_blocked, id=12336, stack(0x00000000261a0000,0x00000000262a0000)]
  0x000000001c63b000 JavaThread "jar transforms Thread 14" [_thread_blocked, id=10340, stack(0x00000000260a0000,0x00000000261a0000)]
  0x000000001c642000 JavaThread "jar transforms Thread 13" [_thread_blocked, id=13656, stack(0x0000000025fa0000,0x00000000260a0000)]
  0x000000001c63d800 JavaThread "jar transforms Thread 12" [_thread_blocked, id=11600, stack(0x0000000025ea0000,0x0000000025fa0000)]
  0x000000001c641800 JavaThread "jar transforms Thread 11" [_thread_blocked, id=13124, stack(0x0000000025da0000,0x0000000025ea0000)]
  0x0000000020ffe800 JavaThread "jar transforms Thread 10" [_thread_blocked, id=10732, stack(0x0000000025ca0000,0x0000000025da0000)]
  0x0000000020ffd000 JavaThread "jar transforms Thread 9" [_thread_blocked, id=10916, stack(0x0000000025ba0000,0x0000000025ca0000)]
  0x0000000021001800 JavaThread "jar transforms Thread 8" [_thread_blocked, id=9076, stack(0x0000000025aa0000,0x0000000025ba0000)]
  0x0000000020ff9800 JavaThread "jar transforms Thread 7" [_thread_blocked, id=10188, stack(0x00000000259a0000,0x0000000025aa0000)]
  0x0000000021000800 JavaThread "jar transforms Thread 6" [_thread_blocked, id=212, stack(0x00000000258a0000,0x00000000259a0000)]
  0x0000000021000000 JavaThread "jar transforms Thread 5" [_thread_blocked, id=8840, stack(0x00000000257a0000,0x00000000258a0000)]
  0x0000000020ffc000 JavaThread "jar transforms Thread 4" [_thread_blocked, id=11884, stack(0x00000000256a0000,0x00000000257a0000)]
  0x0000000020ffd800 JavaThread "jar transforms Thread 3" [_thread_blocked, id=14688, stack(0x00000000255a0000,0x00000000256a0000)]
  0x0000000020fff000 JavaThread "jar transforms Thread 2" [_thread_blocked, id=12872, stack(0x00000000254a0000,0x00000000255a0000)]
  0x0000000020ffb800 JavaThread "Build operations Thread 8" [_thread_blocked, id=7456, stack(0x00000000252a0000,0x00000000253a0000)]
  0x0000000020ff3800 JavaThread "Build operations Thread 7" [_thread_blocked, id=12956, stack(0x00000000251a0000,0x00000000252a0000)]
  0x0000000020ffa800 JavaThread "Build operations Thread 6" [_thread_blocked, id=2380, stack(0x00000000250a0000,0x00000000251a0000)]
  0x0000000020ff2000 JavaThread "Build operations Thread 5" [_thread_blocked, id=10640, stack(0x0000000024fa0000,0x00000000250a0000)]
  0x0000000020ff9000 JavaThread "Build operations Thread 4" [_thread_blocked, id=4296, stack(0x0000000024ea0000,0x0000000024fa0000)]
  0x0000000020ff8000 JavaThread "Build operations Thread 3" [_thread_blocked, id=14248, stack(0x0000000024da0000,0x0000000024ea0000)]
  0x0000000020ff6800 JavaThread "Build operations Thread 2" [_thread_blocked, id=14900, stack(0x0000000024ca0000,0x0000000024da0000)]
  0x0000000020ff6000 JavaThread "Build operations" [_thread_blocked, id=1316, stack(0x0000000024ba0000,0x0000000024ca0000)]
  0x000000001cee9800 JavaThread "Cache worker for file content cache (C:\Users\Bagus\.gradle\caches\6.5\fileContent)" [_thread_blocked, id=3460, stack(0x00000000234d0000,0x00000000235d0000)]
  0x000000001cee8000 JavaThread "jar transforms" [_thread_blocked, id=5060, stack(0x00000000233d0000,0x00000000234d0000)]
  0x000000001cee7800 JavaThread "Cache worker for execution history cache (C:\Users\Bagus\.gradle\caches\6.5\executionHistory)" [_thread_blocked, id=14576, stack(0x0000000022cd0000,0x0000000022dd0000)]
  0x000000001cee6000 JavaThread "Cache worker for cache directory md-rule (C:\Users\Bagus\.gradle\caches\6.5\md-rule)" [_thread_blocked, id=5828, stack(0x0000000022bd0000,0x0000000022cd0000)]
  0x000000001cee6800 JavaThread "Cache worker for cache directory md-supplier (C:\Users\Bagus\.gradle\caches\6.5\md-supplier)" [_thread_blocked, id=10796, stack(0x0000000021870000,0x0000000021970000)]
  0x000000001cee5000 JavaThread "Cache worker for checksums cache (C:\Users\Bagus\AndroidStudioProjects\TroubleshootAndroid\.gradle\checksums)" [_thread_blocked, id=9488, stack(0x0000000021770000,0x0000000021870000)]
  0x000000001cee4800 JavaThread "Cache worker for file hash cache (C:\Users\Bagus\AndroidStudioProjects\TroubleshootAndroid\.gradle\6.5\fileHashes)" [_thread_blocked, id=1292, stack(0x000000001f290000,0x000000001f390000)]
  0x000000001ceea800 JavaThread "Cache worker for file hash cache (C:\Users\Bagus\.gradle\caches\6.5\fileHashes)" [_thread_blocked, id=1108, stack(0x000000001f190000,0x000000001f290000)]
  0x000000001cee3800 JavaThread "File lock request listener" [_thread_in_native, id=14428, stack(0x000000001f090000,0x000000001f190000)]
  0x000000001b4fb000 JavaThread "Cache worker for journal cache (C:\Users\Bagus\.gradle\caches\journal-1)" [_thread_blocked, id=14148, stack(0x000000001ef90000,0x000000001f090000)]
  0x000000001cd35800 JavaThread "Thread-9" [_thread_blocked, id=12484, stack(0x000000001ec90000,0x000000001ed90000)]
  0x000000001cd32800 JavaThread "Stdin handler" [_thread_blocked, id=13368, stack(0x000000001eb90000,0x000000001ec90000)]
  0x000000001cd61000 JavaThread "Asynchronous log dispatcher for DefaultDaemonConnection: socket connection from /127.0.0.1:53559 to /127.0.0.1:53560" [_thread_blocked, id=6700, stack(0x000000001ea90000,0x000000001eb90000)]
  0x000000001cd0d800 JavaThread "Daemon worker" [_thread_blocked, id=13804, stack(0x000000001e990000,0x000000001ea90000)]
  0x000000001cd0c800 JavaThread "Cancel handler" [_thread_blocked, id=1240, stack(0x000000001e890000,0x000000001e990000)]
  0x000000001c939000 JavaThread "Handler for socket connection from /127.0.0.1:53559 to /127.0.0.1:53560" [_thread_in_native, id=4120, stack(0x000000001e590000,0x000000001e690000)]
  0x000000001ccac800 JavaThread "Daemon" [_thread_blocked, id=13736, stack(0x000000001e490000,0x000000001e590000)]
  0x000000001ccad800 JavaThread "Daemon periodic checks" [_thread_blocked, id=7608, stack(0x000000001e390000,0x000000001e490000)]
  0x000000001cccb800 JavaThread "Incoming local TCP Connector on port 53559" [_thread_in_native, id=5388, stack(0x000000001e150000,0x000000001e250000)]
  0x000000001a3b7800 JavaThread "Daemon health stats" [_thread_blocked, id=13012, stack(0x000000001db10000,0x000000001dc10000)]
  0x000000001a334800 JavaThread "Service Thread" daemon [_thread_blocked, id=9540, stack(0x000000001af70000,0x000000001b070000)]
  0x000000001a2af000 JavaThread "C1 CompilerThread3" daemon [_thread_in_native, id=3132, stack(0x000000001ae70000,0x000000001af70000)]
=>0x000000001a2a7800 JavaThread "C2 CompilerThread2" daemon [_thread_in_native, id=13296, stack(0x000000001ad70000,0x000000001ae70000)]
  0x000000001847b000 JavaThread "C2 CompilerThread1" daemon [_thread_in_native, id=11920, stack(0x000000001ac70000,0x000000001ad70000)]
  0x000000001a2a2800 JavaThread "C2 CompilerThread0" daemon [_thread_in_native, id=10204, stack(0x000000001ab70000,0x000000001ac70000)]
  0x000000001a2a1800 JavaThread "Attach Listener" daemon [_thread_blocked, id=6908, stack(0x000000001aa70000,0x000000001ab70000)]
  0x000000001a2a0800 JavaThread "Signal Dispatcher" daemon [_thread_blocked, id=9192, stack(0x000000001a970000,0x000000001aa70000)]
  0x00000000033fc800 JavaThread "Finalizer" daemon [_thread_blocked, id=15220, stack(0x000000001a770000,0x000000001a870000)]
  0x000000001a290800 JavaThread "Reference Handler" daemon [_thread_blocked, id=6004, stack(0x000000001a670000,0x000000001a770000)]
  0x00000000032fe800 JavaThread "main" [_thread_blocked, id=5532, stack(0x0000000003170000,0x0000000003270000)]

Other Threads:
  0x0000000018468000 VMThread [stack: 0x000000001a170000,0x000000001a270000] [id=5040]
  0x000000001a2c8800 WatcherThread [stack: 0x000000001b070000,0x000000001b170000] [id=11716]

VM state:not at safepoint (normal execution)

VM Mutex/Monitor currently owned by a thread: None

heap address: 0x0000000080000000, size: 2048 MB, Compressed Oops mode: 32-bit
Narrow klass base: 0x0000000000000000, Narrow klass shift: 3
Compressed class space size: 1073741824 Address: 0x0000000100000000

Heap:
 PSYoungGen      total 238592K, used 109086K [0x00000000d5580000, 0x00000000e5300000, 0x0000000100000000)
  eden space 219648K, 44% used [0x00000000d5580000,0x00000000db4ef838,0x00000000e2c00000)
  from space 18944K, 59% used [0x00000000e4080000,0x00000000e4b982f8,0x00000000e5300000)
  to   space 19968K, 0% used [0x00000000e2c00000,0x00000000e2c00000,0x00000000e3f80000)
 ParOldGen       total 136704K, used 52478K [0x0000000080000000, 0x0000000088580000, 0x00000000d5580000)
  object space 136704K, 38% used [0x0000000080000000,0x000000008333fab8,0x0000000088580000)
 Metaspace       used 71419K, capacity 75528K, committed 75688K, reserved 1114112K
  class space    used 9840K, capacity 10602K, committed 10672K, reserved 1048576K

Card table byte_map: [0x00000000127c0000,0x0000000012bd0000] byte_map_base: 0x00000000123c0000

Marking Bits: (ParMarkBitMap*) 0x00000000685ff030
 Begin Bits: [0x0000000013680000, 0x0000000015680000)
 End Bits:   [0x0000000015680000, 0x0000000017680000)

Polling page: 0x0000000003130000

CodeCache: size=245760Kb used=27277Kb max_used=27285Kb free=218482Kb
 bounds [0x0000000003400000, 0x0000000004ed0000, 0x0000000012400000]
 total_blobs=9249 nmethods=8443 adapters=719
 compilation: enabled

Compilation events (10 events):
Event: 13.380 Thread 0x000000001a2af000 nmethod 9590 0x0000000004ea00d0 code [0x0000000004ea0260, 0x0000000004ea0728]
Event: 13.381 Thread 0x000000001a2af000 9594       3       com.sun.tools.javac.parser.JavaTokenizer::scanOperator (81 bytes)
Event: 13.382 Thread 0x000000001a2af000 nmethod 9594 0x0000000004ea6650 code [0x0000000004ea6860, 0x0000000004ea7298]
Event: 13.382 Thread 0x000000001a2af000 9595       3       com.sun.tools.javac.parser.JavacParser::qualident (141 bytes)
Event: 13.384 Thread 0x000000001a2af000 nmethod 9595 0x0000000004ea7750 code [0x0000000004ea7a60, 0x0000000004ea9128]
Event: 13.384 Thread 0x000000001a2af000 9591       3       java.lang.Class::isAsciiDigit (18 bytes)
Event: 13.384 Thread 0x000000001a2af000 nmethod 9591 0x0000000004ea9e90 code [0x0000000004ea9fe0, 0x0000000004eaa1b0]
Event: 13.384 Thread 0x000000001a2af000 9598       3       com.sun.tools.javac.parser.JavacParser::modifiersOpt (507 bytes)
Event: 13.386 Thread 0x000000001a2af000 nmethod 9598 0x0000000004eadfd0 code [0x0000000004eae300, 0x0000000004eafab8]
Event: 13.386 Thread 0x000000001a2af000 9599       3       com.sun.tools.javac.parser.JavacParser::importDeclaration (193 bytes)

GC Heap History (10 events):
Event: 6.353 GC heap before
{Heap before GC invocations=13 (full 2):
 PSYoungGen      total 144896K, used 144645K [0x00000000d5580000, 0x00000000df700000, 0x0000000100000000)
  eden space 137216K, 100% used [0x00000000d5580000,0x00000000ddb80000,0x00000000ddb80000)
  from space 7680K, 96% used [0x00000000def80000,0x00000000df6c17b8,0x00000000df700000)
  to   space 11776K, 0% used [0x00000000de000000,0x00000000de000000,0x00000000deb80000)
 ParOldGen       total 86016K, used 14626K [0x0000000080000000, 0x0000000085400000, 0x00000000d5580000)
  object space 86016K, 17% used [0x0000000080000000,0x0000000080e48878,0x0000000085400000)
 Metaspace       used 50675K, capacity 52680K, committed 52776K, reserved 1095680K
  class space    used 6774K, capacity 7208K, committed 7216K, reserved 1048576K
Event: 6.368 GC heap after
Heap after GC invocations=13 (full 2):
 PSYoungGen      total 153600K, used 11746K [0x00000000d5580000, 0x00000000e2580000, 0x0000000100000000)
  eden space 141824K, 0% used [0x00000000d5580000,0x00000000d5580000,0x00000000de000000)
  from space 11776K, 99% used [0x00000000de000000,0x00000000deb78938,0x00000000deb80000)
  to   space 16896K, 0% used [0x00000000e1500000,0x00000000e1500000,0x00000000e2580000)
 ParOldGen       total 86016K, used 25521K [0x0000000080000000, 0x0000000085400000, 0x00000000d5580000)
  object space 86016K, 29% used [0x0000000080000000,0x00000000818ec5a0,0x0000000085400000)
 Metaspace       used 50675K, capacity 52680K, committed 52776K, reserved 1095680K
  class space    used 6774K, capacity 7208K, committed 7216K, reserved 1048576K
}
Event: 7.274 GC heap before
{Heap before GC invocations=14 (full 2):
 PSYoungGen      total 153600K, used 97210K [0x00000000d5580000, 0x00000000e2580000, 0x0000000100000000)
  eden space 141824K, 60% used [0x00000000d5580000,0x00000000da8f61b0,0x00000000de000000)
  from space 11776K, 99% used [0x00000000de000000,0x00000000deb78938,0x00000000deb80000)
  to   space 16896K, 0% used [0x00000000e1500000,0x00000000e1500000,0x00000000e2580000)
 ParOldGen       total 86016K, used 25521K [0x0000000080000000, 0x0000000085400000, 0x00000000d5580000)
  object space 86016K, 29% used [0x0000000080000000,0x00000000818ec5a0,0x0000000085400000)
 Metaspace       used 56707K, capacity 59080K, committed 59160K, reserved 1099776K
  class space    used 7753K, capacity 8303K, committed 8368K, reserved 1048576K
Event: 7.321 GC heap after
Heap after GC invocations=14 (full 2):
 PSYoungGen      total 196096K, used 11182K [0x00000000d5580000, 0x00000000e3380000, 0x0000000100000000)
  eden space 179200K, 0% used [0x00000000d5580000,0x00000000d5580000,0x00000000e0480000)
  from space 16896K, 66% used [0x00000000e1500000,0x00000000e1feba70,0x00000000e2580000)
  to   space 16896K, 0% used [0x00000000e0480000,0x00000000e0480000,0x00000000e1500000)
 ParOldGen       total 86016K, used 33454K [0x0000000080000000, 0x0000000085400000, 0x00000000d5580000)
  object space 86016K, 38% used [0x0000000080000000,0x00000000820abb80,0x0000000085400000)
 Metaspace       used 56707K, capacity 59080K, committed 59160K, reserved 1099776K
  class space    used 7753K, capacity 8303K, committed 8368K, reserved 1048576K
}
Event: 7.321 GC heap before
{Heap before GC invocations=15 (full 3):
 PSYoungGen      total 196096K, used 11182K [0x00000000d5580000, 0x00000000e3380000, 0x0000000100000000)
  eden space 179200K, 0% used [0x00000000d5580000,0x00000000d5580000,0x00000000e0480000)
  from space 16896K, 66% used [0x00000000e1500000,0x00000000e1feba70,0x00000000e2580000)
  to   space 16896K, 0% used [0x00000000e0480000,0x00000000e0480000,0x00000000e1500000)
 ParOldGen       total 86016K, used 33454K [0x0000000080000000, 0x0000000085400000, 0x00000000d5580000)
  object space 86016K, 38% used [0x0000000080000000,0x00000000820abb80,0x0000000085400000)
 Metaspace       used 56707K, capacity 59080K, committed 59160K, reserved 1099776K
  class space    used 7753K, capacity 8303K, committed 8368K, reserved 1048576K
Event: 7.531 GC heap after
Heap after GC invocations=15 (full 3):
 PSYoungGen      total 196096K, used 0K [0x00000000d5580000, 0x00000000e3380000, 0x0000000100000000)
  eden space 179200K, 0% used [0x00000000d5580000,0x00000000d5580000,0x00000000e0480000)
  from space 16896K, 0% used [0x00000000e1500000,0x00000000e1500000,0x00000000e2580000)
  to   space 16896K, 0% used [0x00000000e0480000,0x00000000e0480000,0x00000000e1500000)
 ParOldGen       total 136704K, used 36177K [0x0000000080000000, 0x0000000088580000, 0x00000000d5580000)
  object space 136704K, 26% used [0x0000000080000000,0x0000000082354760,0x0000000088580000)
 Metaspace       used 56660K, capacity 58924K, committed 59160K, reserved 1099776K
  class space    used 7739K, capacity 8277K, committed 8368K, reserved 1048576K
}
Event: 9.115 GC heap before
{Heap before GC invocations=16 (full 3):
 PSYoungGen      total 196096K, used 179200K [0x00000000d5580000, 0x00000000e3380000, 0x0000000100000000)
  eden space 179200K, 100% used [0x00000000d5580000,0x00000000e0480000,0x00000000e0480000)
  from space 16896K, 0% used [0x00000000e1500000,0x00000000e1500000,0x00000000e2580000)
  to   space 16896K, 0% used [0x00000000e0480000,0x00000000e0480000,0x00000000e1500000)
 ParOldGen       total 136704K, used 36177K [0x0000000080000000, 0x0000000088580000, 0x00000000d5580000)
  object space 136704K, 26% used [0x0000000080000000,0x0000000082354760,0x0000000088580000)
 Metaspace       used 65086K, capacity 68770K, committed 69032K, reserved 1107968K
  class space    used 9078K, capacity 9814K, committed 9904K, reserved 1048576K
Event: 9.132 GC heap after
Heap after GC invocations=16 (full 3):
 PSYoungGen      total 196096K, used 16875K [0x00000000d5580000, 0x00000000e5480000, 0x0000000100000000)
  eden space 179200K, 0% used [0x00000000d5580000,0x00000000d5580000,0x00000000e0480000)
  from space 16896K, 99% used [0x00000000e0480000,0x00000000e14fac00,0x00000000e1500000)
  to   space 20480K, 0% used [0x00000000e4080000,0x00000000e4080000,0x00000000e5480000)
 ParOldGen       total 136704K, used 38845K [0x0000000080000000, 0x0000000088580000, 0x00000000d5580000)
  object space 136704K, 28% used [0x0000000080000000,0x00000000825ef4b8,0x0000000088580000)
 Metaspace       used 65086K, capacity 68770K, committed 69032K, reserved 1107968K
  class space    used 9078K, capacity 9814K, committed 9904K, reserved 1048576K
}
Event: 10.832 GC heap before
{Heap before GC invocations=17 (full 3):
 PSYoungGen      total 196096K, used 196075K [0x00000000d5580000, 0x00000000e5480000, 0x0000000100000000)
  eden space 179200K, 100% used [0x00000000d5580000,0x00000000e0480000,0x00000000e0480000)
  from space 16896K, 99% used [0x00000000e0480000,0x00000000e14fac00,0x00000000e1500000)
  to   space 20480K, 0% used [0x00000000e4080000,0x00000000e4080000,0x00000000e5480000)
 ParOldGen       total 136704K, used 38845K [0x0000000080000000, 0x0000000088580000, 0x00000000d5580000)
  object space 136704K, 28% used [0x0000000080000000,0x00000000825ef4b8,0x0000000088580000)
 Metaspace       used 66238K, capacity 70042K, committed 70312K, reserved 1110016K
  class space    used 9149K, capacity 9874K, committed 9904K, reserved 1048576K
Event: 10.864 GC heap after
Heap after GC invocations=17 (full 3):
 PSYoungGen      total 238592K, used 11360K [0x00000000d5580000, 0x00000000e5300000, 0x0000000100000000)
  eden space 219648K, 0% used [0x00000000d5580000,0x00000000d5580000,0x00000000e2c00000)
  from space 18944K, 59% used [0x00000000e4080000,0x00000000e4b982f8,0x00000000e5300000)
  to   space 19968K, 0% used [0x00000000e2c00000,0x00000000e2c00000,0x00000000e3f80000)
 ParOldGen       total 136704K, used 52478K [0x0000000080000000, 0x0000000088580000, 0x00000000d5580000)
  object space 136704K, 38% used [0x0000000080000000,0x000000008333fab8,0x0000000088580000)
 Metaspace       used 66238K, capacity 70042K, committed 70312K, reserved 1110016K
  class space    used 9149K, capacity 9874K, committed 9904K, reserved 1048576K
}

Deoptimization events (10 events):
Event: 12.850 Thread 0x000000001f9e0000 Uncommon trap: reason=class_check action=maybe_recompile pc=0x0000000004925050 method=com.google.common.cache.LocalCache.getIfPresent(Ljava/lang/Object;)Ljava/lang/Object; @ 29
Event: 12.850 Thread 0x000000001f9e0000 Uncommon trap: reason=class_check action=maybe_recompile pc=0x0000000004925050 method=com.google.common.cache.LocalCache.getIfPresent(Ljava/lang/Object;)Ljava/lang/Object; @ 29
Event: 12.850 Thread 0x000000001f9e0000 Uncommon trap: reason=class_check action=maybe_recompile pc=0x000000000491f758 method=com.google.common.cache.LocalCache.getIfPresent(Ljava/lang/Object;)Ljava/lang/Object; @ 29
Event: 12.939 Thread 0x000000001f9e0000 Uncommon trap: reason=class_check action=maybe_recompile pc=0x0000000004450288 method=java.util.regex.Matcher.search(I)Z @ 86
Event: 12.943 Thread 0x000000001f9e0000 Uncommon trap: reason=class_check action=maybe_recompile pc=0x0000000004450288 method=java.util.regex.Matcher.search(I)Z @ 86
Event: 12.944 Thread 0x000000001f9e0000 Uncommon trap: reason=class_check action=maybe_recompile pc=0x0000000004450288 method=java.util.regex.Matcher.search(I)Z @ 86
Event: 12.944 Thread 0x000000001f9e0000 Uncommon trap: reason=class_check action=maybe_recompile pc=0x0000000004450288 method=java.util.regex.Matcher.search(I)Z @ 86
Event: 12.944 Thread 0x000000001f9e0000 Uncommon trap: reason=class_check action=maybe_recompile pc=0x0000000003f90ed8 method=java.util.regex.Matcher.search(I)Z @ 86
Event: 13.321 Thread 0x000000001f9e0000 Uncommon trap: reason=unstable_if action=reinterpret pc=0x0000000004e37748 method=com.sun.tools.javac.parser.UnicodeReader.scanChar()V @ 37
Event: 13.368 Thread 0x000000001f9e0000 Uncommon trap: reason=unstable_if action=reinterpret pc=0x0000000004e594e0 method=com.sun.tools.javac.util.Name$Table.equals([BI[BII)Z @ 22

Classes redefined (0 events):
No events

Internal exceptions (10 events):
Event: 11.197 Thread 0x000000001f9e0000 Exception <a 'sun/nio/fs/WindowsException'> (0x00000000d6cc5620) thrown at [C:\src\AOSP-openjdk-git\hotspot\src\share\vm\prims\jni.cpp, line 710]
Event: 11.197 Thread 0x000000001f9e0000 Exception <a 'sun/nio/fs/WindowsException'> (0x00000000d6cc63a8) thrown at [C:\src\AOSP-openjdk-git\hotspot\src\share\vm\prims\jni.cpp, line 710]
Event: 11.419 Thread 0x000000001f9e0000 Exception <a 'sun/nio/fs/WindowsException'> (0x00000000d7d61860) thrown at [C:\src\AOSP-openjdk-git\hotspot\src\share\vm\prims\jni.cpp, line 710]
Event: 11.419 Thread 0x000000001f9e0000 Exception <a 'sun/nio/fs/WindowsException'> (0x00000000d7d62568) thrown at [C:\src\AOSP-openjdk-git\hotspot\src\share\vm\prims\jni.cpp, line 710]
Event: 11.419 Thread 0x000000001f9e0000 Exception <a 'sun/nio/fs/WindowsException'> (0x00000000d7d664f8) thrown at [C:\src\AOSP-openjdk-git\hotspot\src\share\vm\prims\jni.cpp, line 710]
Event: 11.419 Thread 0x000000001f9e0000 Exception <a 'sun/nio/fs/WindowsException'> (0x00000000d7d67248) thrown at [C:\src\AOSP-openjdk-git\hotspot\src\share\vm\prims\jni.cpp, line 710]
Event: 11.420 Thread 0x000000001f9e0000 Exception <a 'sun/nio/fs/WindowsException'> (0x00000000d7e0d1f0) thrown at [C:\src\AOSP-openjdk-git\hotspot\src\share\vm\prims\jni.cpp, line 710]
Event: 11.420 Thread 0x000000001f9e0000 Exception <a 'sun/nio/fs/WindowsException'> (0x00000000d7e0df50) thrown at [C:\src\AOSP-openjdk-git\hotspot\src\share\vm\prims\jni.cpp, line 710]
Event: 11.428 Thread 0x000000001f9e0000 Exception <a 'java/lang/NoSuchMethodError': java.lang.Object.lambda$comparingByKey$bbdbfea9$1(Ljava/util/Map$Entry;Ljava/util/Map$Entry;)I> (0x00000000d7eb6bc0) thrown at [C:\src\AOSP-openjdk-git\hotspot\src\share\vm\interpreter\linkResolver.cpp, line 620
Event: 12.667 Thread 0x0000000020beb000 Exception <a 'java/lang/NoSuchMethodError': java.lang.Object.lambda$comparingInt$7b0bb60$1(Ljava/util/function/ToIntFunction;Ljava/lang/Object;Ljava/lang/Object;)I> (0x00000000da082f78) thrown at [C:\src\AOSP-openjdk-git\hotspot\src\share\vm\interpreter\l

Events (10 events):
Event: 13.323 loading class com/sun/tools/javac/util/Position done
Event: 13.324 loading class com/sun/tools/javac/util/Position$LineMapImpl
Event: 13.324 loading class com/sun/tools/javac/util/Position$LineMapImpl done
Event: 13.324 loading class com/sun/tools/javac/util/Position$LineMap
Event: 13.324 loading class com/sun/tools/javac/util/Position$LineMap done
Event: 13.324 loading class com/sun/tools/javac/util/Position$LineTabMapImpl
Event: 13.324 loading class com/sun/tools/javac/util/Position$LineTabMapImpl done
Event: 13.368 Thread 0x000000001f9e0000 Uncommon trap: trap_request=0xffffff65 fr.pc=0x0000000004e594e0
Event: 13.368 Thread 0x000000001f9e0000 DEOPT PACKING pc=0x0000000004e594e0 sp=0x000000002dfa8e50
Event: 13.368 Thread 0x000000001f9e0000 DEOPT UNPACKING pc=0x000000000344557b sp=0x000000002dfa8dd0 mode 2


Dynamic libraries:
0x00007ff7703e0000 - 0x00007ff770411000 	C:\Program Files\Android\Android Studio\jre\bin\java.exe
0x00007ff9c0cf0000 - 0x00007ff9c0ee6000 	C:\WINDOWS\SYSTEM32\ntdll.dll
0x00007ff9bf910000 - 0x00007ff9bf9cd000 	C:\WINDOWS\System32\KERNEL32.DLL
0x00007ff9be430000 - 0x00007ff9be6f8000 	C:\WINDOWS\System32\KERNELBASE.dll
0x00007ff9bfc00000 - 0x00007ff9bfcac000 	C:\WINDOWS\System32\ADVAPI32.dll
0x00007ff9c0ba0000 - 0x00007ff9c0c3e000 	C:\WINDOWS\System32\msvcrt.dll
0x00007ff9c00c0000 - 0x00007ff9c015b000 	C:\WINDOWS\System32\sechost.dll
0x00007ff9bf7b0000 - 0x00007ff9bf8d4000 	C:\WINDOWS\System32\RPCRT4.dll
0x00007ff9bfdf0000 - 0x00007ff9bff90000 	C:\WINDOWS\System32\USER32.dll
0x00007ff9beb70000 - 0x00007ff9beb92000 	C:\WINDOWS\System32\win32u.dll
0x00007ff9beed0000 - 0x00007ff9beefa000 	C:\WINDOWS\System32\GDI32.dll
0x00007ff9beba0000 - 0x00007ff9beca9000 	C:\WINDOWS\System32\gdi32full.dll
0x00007ff9becb0000 - 0x00007ff9bed4d000 	C:\WINDOWS\System32\msvcp_win.dll
0x00007ff9be8c0000 - 0x00007ff9be9c0000 	C:\WINDOWS\System32\ucrtbase.dll
0x00007ff9a5ff0000 - 0x00007ff9a628b000 	C:\WINDOWS\WinSxS\amd64_microsoft.windows.common-controls_6595b64144ccf1df_6.0.19041.488_none_ca04af081b815d21\COMCTL32.dll
0x00007ff9bf8e0000 - 0x00007ff9bf910000 	C:\WINDOWS\System32\IMM32.DLL
0x0000000068a70000 - 0x0000000068b42000 	C:\Program Files\Android\Android Studio\jre\jre\bin\msvcr100.dll
0x0000000067e30000 - 0x000000006867b000 	C:\Program Files\Android\Android Studio\jre\jre\bin\server\jvm.dll
0x00007ff9bf7a0000 - 0x00007ff9bf7a8000 	C:\WINDOWS\System32\PSAPI.DLL
0x00007ff9b9ec0000 - 0x00007ff9b9ec9000 	C:\WINDOWS\SYSTEM32\WSOCK32.dll
0x00007ff9aede0000 - 0x00007ff9aee07000 	C:\WINDOWS\SYSTEM32\WINMM.dll
0x00007ff9b92d0000 - 0x00007ff9b92da000 	C:\WINDOWS\SYSTEM32\VERSION.dll
0x00007ff9c04d0000 - 0x00007ff9c053b000 	C:\WINDOWS\System32\WS2_32.dll
0x00007ff9ba0e0000 - 0x00007ff9ba0ef000 	C:\Program Files\Android\Android Studio\jre\jre\bin\verify.dll
0x00007ff9af240000 - 0x00007ff9af269000 	C:\Program Files\Android\Android Studio\jre\jre\bin\java.dll
0x00007ff9b1510000 - 0x00007ff9b1526000 	C:\Program Files\Android\Android Studio\jre\jre\bin\zip.dll
0x00007ff9bf050000 - 0x00007ff9bf791000 	C:\WINDOWS\System32\SHELL32.dll
0x00007ff9bc560000 - 0x00007ff9bccf5000 	C:\WINDOWS\SYSTEM32\windows.storage.dll
0x00007ff9c0160000 - 0x00007ff9c04b5000 	C:\WINDOWS\System32\combase.dll
0x00007ff9bdea0000 - 0x00007ff9bdecc000 	C:\WINDOWS\SYSTEM32\Wldp.dll
0x00007ff9c0af0000 - 0x00007ff9c0b9e000 	C:\WINDOWS\System32\SHCORE.dll
0x00007ff9c09b0000 - 0x00007ff9c0a05000 	C:\WINDOWS\System32\shlwapi.dll
0x00007ff9be360000 - 0x00007ff9be386000 	C:\WINDOWS\SYSTEM32\profapi.dll
0x00007ff9afdb0000 - 0x00007ff9afdca000 	C:\Program Files\Android\Android Studio\jre\jre\bin\net.dll
0x00007ff9bdc20000 - 0x00007ff9bdc8a000 	C:\WINDOWS\system32\mswsock.dll
0x00007ff9ae0f0000 - 0x00007ff9ae103000 	C:\Program Files\Android\Android Studio\jre\jre\bin\nio.dll
0x00007ff999280000 - 0x00007ff9992a7000 	C:\Users\Bagus\.gradle\native\f6784746aeab05261644944871eae4fe03e0ef1612fff0a4a95f87b438bc6780\windows-amd64\native-platform.dll
0x00007ff9b9f50000 - 0x00007ff9b9f5d000 	C:\Program Files\Android\Android Studio\jre\jre\bin\management.dll
0x00007ff9bddf0000 - 0x00007ff9bde08000 	C:\WINDOWS\SYSTEM32\CRYPTSP.dll
0x00007ff9bd540000 - 0x00007ff9bd574000 	C:\WINDOWS\system32\rsaenh.dll
0x00007ff9be810000 - 0x00007ff9be837000 	C:\WINDOWS\System32\bcrypt.dll
0x00007ff9be320000 - 0x00007ff9be34e000 	C:\WINDOWS\SYSTEM32\USERENV.dll
0x00007ff9be840000 - 0x00007ff9be8bf000 	C:\WINDOWS\System32\bcryptprimitives.dll
0x00007ff9bde10000 - 0x00007ff9bde1c000 	C:\WINDOWS\SYSTEM32\CRYPTBASE.dll
0x00007ff9bd8c0000 - 0x00007ff9bd8fb000 	C:\WINDOWS\SYSTEM32\IPHLPAPI.DLL
0x00007ff9c0c40000 - 0x00007ff9c0c48000 	C:\WINDOWS\System32\NSI.dll
0x00007ff9b7dd0000 - 0x00007ff9b7de7000 	C:\WINDOWS\SYSTEM32\dhcpcsvc6.DLL
0x00007ff9b7f40000 - 0x00007ff9b7f5d000 	C:\WINDOWS\SYSTEM32\dhcpcsvc.DLL
0x00007ff9bd910000 - 0x00007ff9bd9db000 	C:\WINDOWS\SYSTEM32\DNSAPI.dll
0x00007ff9b81f0000 - 0x00007ff9b81fb000 	C:\WINDOWS\SYSTEM32\WINNSI.DLL

VM Arguments:
jvm_args: -Xmx2048m -Dfile.encoding=windows-1252 -Duser.country=US -Duser.language=en -Duser.variant 
java_command: org.gradle.launcher.daemon.bootstrap.GradleDaemon 6.5
java_class_path (initial): C:\Users\Bagus\.gradle\wrapper\dists\gradle-6.5-bin\6nifqtx7604sqp1q6g8wikw7p\gradle-6.5\lib\gradle-launcher-6.5.jar
Launcher Type: SUN_STANDARD

Environment Variables:
JAVA_HOME=C:\Program Files\Java\jdk-14.0.2
PATH=C:\WINDOWS\system32;C:\WINDOWS;C:\WINDOWS\System32\Wbem;C:\WINDOWS\System32\WindowsPowerShell\v1.0\;C:\WINDOWS\System32\OpenSSH\;C:\Program Files (x86)\NVIDIA Corporation\PhysX\Common;C:\Program Files\NVIDIA Corporation\NVIDIA NvDLISR;C:\WINDOWS\system32;C:\WINDOWS;C:\WINDOWS\System32\Wbem;C:\WINDOWS\System32\WindowsPowerShell\v1.0\;C:\WINDOWS\System32\OpenSSH\;C:\Program Files\Git\cmd;C:\Users\Bagus\AppData\Local\Programs\Python\Python38;C:\Users\Bagus\AppData\Local\Programs\Python\Python38\Scripts;C:\Program Files\Java\jdk-14.0.2\bin;C:\xampp\php;C:\ProgramData\ComposerSetup\bin;C:\Users\Bagus\AppData\Local\Programs\Python\Python38\Scripts\;C:\Users\Bagus\AppData\Local\Programs\Python\Python38\;C:\Users\Bagus\AppData\Local\Microsoft\WindowsApps;;C:\Users\Bagus\AppData\Local\Programs\Microsoft VS Code\bin;C:\Users\Bagus\spicetify-cli;C:\Users\Bagus\AppData\Roaming\Composer\vendor\bin
USERNAME=Bagus
OS=Windows_NT
PROCESSOR_IDENTIFIER=Intel64 Family 6 Model 158 Stepping 9, GenuineIntel



---------------  S Y S T E M  ---------------

OS: Windows 10.0 , 64 bit Build 19041 (10.0.19041.546)

CPU:total 8 (initial active 8) (4 cores per cpu, 2 threads per core) family 6 model 158 stepping 9, cmov, cx8, fxsr, mmx, sse, sse2, sse3, ssse3, sse4.1, sse4.2, popcnt, avx, avx2, aes, clmul, erms, 3dnowpref, lzcnt, ht, tsc, tscinvbit, bmi1, bmi2, adx

Memory: 4k page, physical 8307252k(847232k free), swap 23795284k(2940k free)

vm_info: OpenJDK 64-Bit Server VM (25.242-b01) for windows-amd64 JRE (1.8.0_242-release-1644-b01), built by "builder" with MS VC++ 10.0 (VS2010)

time: Tue Nov 17 22:15:17 2020
timezone: SE Asia Standard Time
elapsed time: 13 seconds (0d 0h 0m 13s)

